{"meta": {"format": 3, "version": "7.15.4", "timestamp": "2026-08-17T18:31:48.190634", "branch_coverage": true, "show_contexts": false}, "files": {"src/resume_tailor/__init__.py": {"executed_lines": [3, 5], "summary": {"covered_lines": 2, "num_statements": 2, "percent_covered": 100.0, "percent_covered_display": "100", "missing_lines": 0, "excluded_lines": 0, "percent_statements_covered": 100.0, "percent_statements_covered_display": "100", "num_branches": 0, "num_partial_branches": 0, "covered_branches": 0, "missing_branches": 0, "percent_branches_covered": 100.0, "percent_branches_covered_display": "100"}, "missing_lines": [], "excluded_lines": [], "executed_branches": [], "missing_branches": [], "functions": {"": {"executed_lines": [3, 5], "summary": {"covered_lines": 2, "num_statements": 2, "percent_covered": 100.0, "percent_covered_display": "100", "missing_lines": 0, "excluded_lines": 0, "percent_statements_covered": 100.0, "percent_statements_covered_display": "100", "num_branches": 0, "num_partial_branches": 0, "covered_branches": 0, "missing_branches": 0, "percent_branches_covered": 100.0, "percent_branches_covered_display": "100"}, "missing_lines": [], "excluded_lines": [], "start_line": 1, "executed_branches": [], "missing_branches": []}}, "classes": {"": {"executed_lines": [3, 5], "summary": {"covered_lines": 2, "num_statements": 2, "percent_covered": 100.0, "percent_covered_display": "100", "missing_lines": 0, "excluded_lines": 0, "percent_statements_covered": 100.0, "percent_statements_covered_display": "100", "num_branches": 0, "num_partial_branches": 0, "covered_branches": 0, "missing_branches": 0, "percent_branches_covered": 100.0, "percent_branches_covered_display": "100"}, "missing_lines": [], "excluded_lines": [], "start_line": 1, "executed_branches": [], "missing_branches": []}}}, "src/resume_tailor/__main__.py": {"executed_lines": [], "summary": {"covered_lines": 0, "num_statements": 3, "percent_covered": 0.0, "percent_covered_display": "0", "missing_lines": 3, "excluded_lines": 0, "percent_statements_covered": 0.0, "percent_statements_covered_display": "0", "num_branches": 2, "num_partial_branches": 0, "covered_branches": 0, "missing_branches": 2, "percent_branches_covered": 0.0, "percent_branches_covered_display": "0"}, "missing_lines": [3, 5, 6], "excluded_lines": [], "executed_branches": [], "missing_branches": [[5, -1], [5, 6]], "functions": {"": {"executed_lines": [], "summary": {"covered_lines": 0, "num_statements": 3, "percent_covered": 0.0, "percent_covered_display": "0", "missing_lines": 3, "excluded_lines": 0, "percent_statements_covered": 0.0, "percent_statements_covered_display": "0", "num_branches": 2, "num_partial_branches": 0, "covered_branches": 0, "missing_branches": 2, "percent_branches_covered": 0.0, "percent_branches_covered_display": "0"}, "missing_lines": [3, 5, 6], "excluded_lines": [], "start_line": 1, "executed_branches": [], "missing_branches": [[5, -1], [5, 6]]}}, "classes": {"": {"executed_lines": [], "summary": {"covered_lines": 0, "num_statements": 3, "percent_covered": 0.0, "percent_covered_display": "0", "missing_lines": 3, "excluded_lines": 0, "percent_statements_covered": 0.0, "percent_statements_covered_display": "0", "num_branches": 2, "num_partial_branches": 0, "covered_branches": 0, "missing_branches": 2, "percent_branches_covered": 0.0, "percent_branches_covered_display": "0"}, "missing_lines": [3, 5, 6], "excluded_lines": [], "start_line": 1, "executed_branches": [], "missing_branches": [[5, -1], [5, 6]]}}}, "src/resume_tailor/artifacts.py": {"executed_lines": [3, 5, 6, 7, 8, 9, 11, 12, 15, 18, 19, 20, 21, 22, 24, 25, 26, 27, 29, 34, 36, 37, 38, 40, 42, 43, 44, 45, 47, 48, 49, 50, 52, 53, 55, 56, 59, 60, 62, 63, 65, 66, 67, 68, 69], "summary": {"covered_lines": 45, "num_statements": 52, "percent_covered": 82.8125, "percent_covered_display": "83", "missing_lines": 7, "excluded_lines": 0, "percent_statements_covered": 86.53846153846153, "percent_statements_covered_display": "87", "num_branches": 12, "num_partial_branches": 4, "covered_branches": 8, "missing_branches": 4, "percent_branches_covered": 66.66666666666667, "percent_branches_covered_display": "67"}, "missing_lines": [28, 32, 33, 39, 54, 57, 58], "excluded_lines": [], "executed_branches": [[27, 29], [38, 40], [53, 55], [63, -62], [63, 65], [65, 66], [65, 68], [66, 67]], "missing_branches": [[27, 28], [38, 39], [53, 54], [66, 65]], "functions": {"ArtifactRun.__init__": {"executed_lines": [19, 20, 21, 22], "summary": {"covered_lines": 4, "num_statements": 4, "percent_covered": 100.0, "percent_covered_display": "100", "missing_lines": 0, "excluded_lines": 0, "percent_statements_covered": 100.0, "percent_statements_covered_display": "100", "num_branches": 0, "num_partial_branches": 0, "covered_branches": 0, "missing_branches": 0, "percent_branches_covered": 100.0, "percent_branches_covered_display": "100"}, "missing_lines": [], "excluded_lines": [], "start_line": 18, "executed_branches": [], "missing_branches": []}, "ArtifactRun.__enter__": {"executed_lines": [25, 26, 27, 29, 34], "summary": {"covered_lines": 5, "num_statements": 8, "percent_covered": 60.0, "percent_covered_display": "60", "missing_lines": 3, "excluded_lines": 0, "percent_statements_covered": 62.5, "percent_statements_covered_display": "62", "num_branches": 2, "num_partial_branches": 1, "covered_branches": 1, "missing_branches": 1, "percent_branches_covered": 50.0, "percent_branches_covered_display": "50"}, "missing_lines": [28, 32, 33], "excluded_lines": [], "start_line": 24, "executed_branches": [[27, 29]], "missing_branches": [[27, 28]]}, "ArtifactRun.path": {"executed_lines": [38, 40], "summary": {"covered_lines": 2, "num_statements": 3, "percent_covered": 60.0, "percent_covered_display": "60", "missing_lines": 1, "excluded_lines": 0, "percent_statements_covered": 66.66666666666667, "percent_statements_covered_display": "67", "num_branches": 2, "num_partial_branches": 1, "covered_branches": 1, "missing_branches": 1, "percent_branches_covered": 50.0, "percent_branches_covered_display": "50"}, "missing_lines": [39], "excluded_lines": [], "start_line": 37, "executed_branches": [[38, 40]], "missing_branches": [[38, 39]]}, "ArtifactRun.write_json": {"executed_lines": [43, 44, 45], "summary": {"covered_lines": 3, "num_statements": 3, "percent_covered": 100.0, "percent_covered_display": "100", "missing_lines": 0, "excluded_lines": 0, "percent_statements_covered": 100.0, "percent_statements_covered_display": "100", "num_branches": 0, "num_partial_branches": 0, "covered_branches": 0, "missing_branches": 0, "percent_branches_covered": 100.0, "percent_branches_covered_display": "100"}, "missing_lines": [], "excluded_lines": [], "start_line": 42, "executed_branches": [], "missing_branches": []}, "ArtifactRun.write_text": {"executed_lines": [48, 49, 50], "summary": {"covered_lines": 3, "num_statements": 3, "percent_covered": 100.0, "percent_covered_display": "100", "missing_lines": 0, "excluded_lines": 0, "percent_statements_covered": 100.0, "percent_statements_covered_display": "100", "num_branches": 0, "num_partial_branches": 0, "covered_branches": 0, "missing_branches": 0, "percent_branches_covered": 100.0, "percent_branches_covered_display": "100"}, "missing_lines": [], "excluded_lines": [], "start_line": 47, "executed_branches": [], "missing_branches": []}, "ArtifactRun.publish": {"executed_lines": [53, 55, 56, 59, 60], "summary": {"covered_lines": 5, "num_statements": 8, "percent_covered": 60.0, "percent_covered_display": "60", "missing_lines": 3, "excluded_lines": 0, "percent_statements_covered": 62.5, "percent_statements_covered_display": "62", "num_branches": 2, "num_partial_branches": 1, "covered_branches": 1, "missing_branches": 1, "percent_branches_covered": 50.0, "percent_branches_covered_display": "50"}, "missing_lines": [54, 57, 58], "excluded_lines": [], "start_line": 52, "executed_branches": [[53, 55]], "missing_branches": [[53, 54]]}, "ArtifactRun.__exit__": {"executed_lines": [63, 65, 66, 67, 68, 69], "summary": {"covered_lines": 6, "num_statements": 6, "percent_covered": 91.66666666666667, "percent_covered_display": "92", "missing_lines": 0, "excluded_lines": 0, "percent_statements_covered": 100.0, "percent_statements_covered_display": "100", "num_branches": 6, "num_partial_branches": 1, "covered_branches": 5, "missing_branches": 1, "percent_branches_covered": 83.33333333333333, "percent_branches_covered_display": "83"}, "missing_lines": [], "excluded_lines": [], "start_line": 62, "executed_branches": [[63, -62], [63, 65], [65, 66], [65, 68], [66, 67]], "missing_branches": [[66, 65]]}, "": {"executed_lines": [3, 5, 6, 7, 8, 9, 11, 12, 15, 18, 24, 36, 37, 42, 47, 52, 62], "summary": {"covered_lines": 17, "num_statements": 17, "percent_covered": 100.0, "percent_covered_display": "100", "missing_lines": 0, "excluded_lines": 0, "percent_statements_covered": 100.0, "percent_statements_covered_display": "100", "num_branches": 0, "num_partial_branches": 0, "covered_branches": 0, "missing_branches": 0, "percent_branches_covered": 100.0, "percent_branches_covered_display": "100"}, "missing_lines": [], "excluded_lines": [], "start_line": 1, "executed_branches": [], "missing_branches": []}}, "classes": {"ArtifactRun": {"executed_lines": [19, 20, 21, 22, 25, 26, 27, 29, 34, 38, 40, 43, 44, 45, 48, 49, 50, 53, 55, 56, 59, 60, 63, 65, 66, 67, 68, 69], "summary": {"covered_lines": 28, "num_statements": 35, "percent_covered": 76.59574468085107, "percent_covered_display": "77", "missing_lines": 7, "excluded_lines": 0, "percent_statements_covered": 80.0, "percent_statements_covered_display": "80", "num_branches": 12, "num_partial_branches": 4, "covered_branches": 8, "missing_branches": 4, "percent_branches_covered": 66.66666666666667, "percent_branches_covered_display": "67"}, "missing_lines": [28, 32, 33, 39, 54, 57, 58], "excluded_lines": [], "start_line": 15, "executed_branches": [[27, 29], [38, 40], [53, 55], [63, -62], [63, 65], [65, 66], [65, 68], [66, 67]], "missing_branches": [[27, 28], [38, 39], [53, 54], [66, 65]]}, "": {"executed_lines": [3, 5, 6, 7, 8, 9, 11, 12, 15, 18, 24, 36, 37, 42, 47, 52, 62], "summary": {"covered_lines": 17, "num_statements": 17, "percent_covered": 100.0, "percent_covered_display": "100", "missing_lines": 0, "excluded_lines": 0, "percent_statements_covered": 100.0, "percent_statements_covered_display": "100", "num_branches": 0, "num_partial_branches": 0, "covered_branches": 0, "missing_branches": 0, "percent_branches_covered": 100.0, "percent_branches_covered_display": "100"}, "missing_lines": [], "excluded_lines": [], "start_line": 1, "executed_branches": [], "missing_branches": []}}}, "src/resume_tailor/cli.py": {"executed_lines": [3, 5, 6, 7, 8, 9, 10, 12, 13, 14, 15, 17, 18, 19, 20, 21, 22, 23, 24, 25, 26, 27, 28, 29, 34, 37, 38, 40, 45, 46, 47, 48, 49, 50, 52, 53, 56, 57, 58, 61, 64, 65, 70, 71, 85, 86, 89, 90, 96, 97, 109, 110, 121, 122, 133, 134, 137, 138, 139, 145, 148, 153, 154, 173, 174, 176, 184, 185, 186, 187, 311, 312, 325, 326, 328, 329, 332, 333, 334, 337, 338, 343, 345, 346, 351, 352, 354, 355, 358, 361, 362, 394, 395, 396, 400, 401, 402, 405, 408, 409, 410, 411, 412, 413, 414, 427], "summary": {"covered_lines": 106, "num_statements": 238, "percent_covered": 38.666666666666664, "percent_covered_display": "39", "missing_lines": 132, "excluded_lines": 0, "percent_statements_covered": 44.53781512605042, "percent_statements_covered_display": "45", "num_branches": 62, "num_partial_branches": 8, "covered_branches": 10, "missing_branches": 52, "percent_branches_covered": 16.129032258064516, "percent_branches_covered_display": "16"}, "missing_lines": [66, 67, 93, 100, 101, 102, 103, 104, 105, 106, 115, 116, 117, 118, 125, 126, 127, 128, 130, 140, 144, 149, 150, 175, 191, 192, 193, 194, 195, 196, 197, 200, 201, 212, 213, 214, 215, 220, 221, 222, 223, 224, 225, 226, 228, 229, 230, 231, 232, 233, 234, 235, 236, 237, 238, 239, 240, 241, 242, 243, 244, 245, 248, 250, 251, 253, 254, 255, 256, 257, 260, 261, 262, 263, 270, 271, 278, 279, 280, 281, 282, 284, 302, 303, 304, 305, 306, 307, 308, 314, 315, 316, 317, 318, 319, 320, 322, 330, 331, 344, 347, 348, 356, 357, 374, 375, 376, 377, 378, 379, 380, 381, 382, 383, 384, 385, 387, 388, 389, 390, 391, 397, 415, 416, 417, 418, 419, 420, 421, 423, 424, 428], "excluded_lines": [], "executed_branches": [[65, -64], [139, 145], [174, 176], [184, 185], [186, 187], [343, 345], [396, -394], [412, 413], [412, 414], [427, -1]], "missing_branches": [[65, 66], [104, 105], [104, 106], [127, 128], [127, 130], [139, 140], [174, 175], [184, 195], [186, 191], [191, 192], [191, 193], [193, 194], [193, 195], [196, 197], [196, 200], [212, 213], [212, 239], [214, 215], [214, 229], [220, 221], [220, 222], [222, 223], [222, 224], [224, 225], [224, 228], [235, 236], [235, 237], [237, 238], [237, 239], [244, 245], [244, 248], [254, 255], [254, 263], [304, 305], [304, 306], [306, 307], [306, 308], [319, 320], [319, 322], [343, 344], [381, 382], [381, 389], [382, 383], [382, 384], [384, 385], [384, 387], [390, -361], [390, 391], [396, 397], [420, 421], [420, 423], [427, 428]], "functions": {"_version_callback": {"executed_lines": [65], "summary": {"covered_lines": 1, "num_statements": 3, "percent_covered": 40.0, "percent_covered_display": "40", "missing_lines": 2, "excluded_lines": 0, "percent_statements_covered": 33.333333333333336, "percent_statements_covered_display": "33", "num_branches": 2, "num_partial_branches": 1, "covered_branches": 1, "missing_branches": 1, "percent_branches_covered": 50.0, "percent_branches_covered_display": "50"}, "missing_lines": [66, 67], "excluded_lines": [], "start_line": 64, "executed_branches": [[65, -64]], "missing_branches": [[65, 66]]}, "root": {"executed_lines": [85, 86], "summary": {"covered_lines": 2, "num_statements": 2, "percent_covered": 100.0, "percent_covered_display": "100", "missing_lines": 0, "excluded_lines": 0, "percent_statements_covered": 100.0, "percent_statements_covered_display": "100", "num_branches": 0, "num_partial_branches": 0, "covered_branches": 0, "missing_branches": 0, "percent_branches_covered": 100.0, "percent_branches_covered_display": "100"}, "missing_lines": [], "excluded_lines": [], "start_line": 71, "executed_branches": [], "missing_branches": []}, "show_config_path": {"executed_lines": [], "summary": {"covered_lines": 0, "num_statements": 1, "percent_covered": 0.0, "percent_covered_display": "0", "missing_lines": 1, "excluded_lines": 0, "percent_statements_covered": 0.0, "percent_statements_covered_display": "0", "num_branches": 0, "num_partial_branches": 0, "covered_branches": 0, "missing_branches": 0, "percent_branches_covered": 100.0, "percent_branches_covered_display": "100"}, "missing_lines": [93], "excluded_lines": [], "start_line": 90, "executed_branches": [], "missing_branches": []}, "show_config": {"executed_lines": [], "summary": {"covered_lines": 0, "num_statements": 7, "percent_covered": 0.0, "percent_covered_display": "0", "missing_lines": 7, "excluded_lines": 0, "percent_statements_covered": 0.0, "percent_statements_covered_display": "0", "num_branches": 2, "num_partial_branches": 0, "covered_branches": 0, "missing_branches": 2, "percent_branches_covered": 0.0, "percent_branches_covered_display": "0"}, "missing_lines": [100, 101, 102, 103, 104, 105, 106], "excluded_lines": [], "start_line": 97, "executed_branches": [], "missing_branches": [[104, 105], [104, 106]]}, "auth_set": {"executed_lines": [], "summary": {"covered_lines": 0, "num_statements": 4, "percent_covered": 0.0, "percent_covered_display": "0", "missing_lines": 4, "excluded_lines": 0, "percent_statements_covered": 0.0, "percent_statements_covered_display": "0", "num_branches": 0, "num_partial_branches": 0, "covered_branches": 0, "missing_branches": 0, "percent_branches_covered": 100.0, "percent_branches_covered_display": "100"}, "missing_lines": [115, 116, 117, 118], "excluded_lines": [], "start_line": 110, "executed_branches": [], "missing_branches": []}, "auth_delete": {"executed_lines": [], "summary": {"covered_lines": 0, "num_statements": 5, "percent_covered": 0.0, "percent_covered_display": "0", "missing_lines": 5, "excluded_lines": 0, "percent_statements_covered": 0.0, "percent_statements_covered_display": "0", "num_branches": 2, "num_partial_branches": 0, "covered_branches": 0, "missing_branches": 2, "percent_branches_covered": 0.0, "percent_branches_covered_display": "0"}, "missing_lines": [125, 126, 127, 128, 130], "excluded_lines": [], "start_line": 122, "executed_branches": [], "missing_branches": [[127, 128], [127, 130]]}, "auth_status": {"executed_lines": [137, 138, 139, 145], "summary": {"covered_lines": 4, "num_statements": 6, "percent_covered": 62.5, "percent_covered_display": "62", "missing_lines": 2, "excluded_lines": 0, "percent_statements_covered": 66.66666666666667, "percent_statements_covered_display": "67", "num_branches": 2, "num_partial_branches": 1, "covered_branches": 1, "missing_branches": 1, "percent_branches_covered": 50.0, "percent_branches_covered_display": "50"}, "missing_lines": [140, 144], "excluded_lines": [], "start_line": 134, "executed_branches": [[139, 145]], "missing_branches": [[139, 140]]}, "_prompt_path": {"executed_lines": [], "summary": {"covered_lines": 0, "num_statements": 2, "percent_covered": 0.0, "percent_covered_display": "0", "missing_lines": 2, "excluded_lines": 0, "percent_statements_covered": 0.0, "percent_statements_covered_display": "0", "num_branches": 0, "num_partial_branches": 0, "covered_branches": 0, "missing_branches": 0, "percent_branches_covered": 100.0, "percent_branches_covered_display": "100"}, "missing_lines": [149, 150], "excluded_lines": [], "start_line": 148, "executed_branches": [], "missing_branches": []}, "generate_command": {"executed_lines": [173, 174, 176, 184, 185, 186, 187], "summary": {"covered_lines": 7, "num_statements": 57, "percent_covered": 11.235955056179776, "percent_covered_display": "11", "missing_lines": 50, "excluded_lines": 0, "percent_statements_covered": 12.280701754385966, "percent_statements_covered_display": "12", "num_branches": 32, "num_partial_branches": 3, "covered_branches": 3, "missing_branches": 29, "percent_branches_covered": 9.375, "percent_branches_covered_display": "9"}, "missing_lines": [175, 191, 192, 193, 194, 195, 196, 197, 200, 201, 212, 213, 214, 215, 220, 221, 222, 223, 224, 225, 226, 228, 229, 230, 231, 232, 233, 234, 235, 236, 237, 238, 239, 240, 241, 242, 243, 244, 245, 248, 250, 253, 284, 302, 303, 304, 305, 306, 307, 308], "excluded_lines": [], "start_line": 154, "executed_branches": [[174, 176], [184, 185], [186, 187]], "missing_branches": [[174, 175], [184, 195], [186, 191], [191, 192], [191, 193], [193, 194], [193, 195], [196, 197], [196, 200], [212, 213], [212, 239], [214, 215], [214, 229], [220, 221], [220, 222], [222, 223], [222, 224], [224, 225], [224, 228], [235, 236], [235, 237], [237, 238], [237, 239], [244, 245], [244, 248], [304, 305], [304, 306], [306, 307], [306, 308]]}, "generate_command.progress": {"executed_lines": [], "summary": {"covered_lines": 0, "num_statements": 1, "percent_covered": 0.0, "percent_covered_display": "0", "missing_lines": 1, "excluded_lines": 0, "percent_statements_covered": 0.0, "percent_statements_covered_display": "0", "num_branches": 0, "num_partial_branches": 0, "covered_branches": 0, "missing_branches": 0, "percent_branches_covered": 100.0, "percent_branches_covered_display": "100"}, "missing_lines": [251], "excluded_lines": [], "start_line": 250, "executed_branches": [], "missing_branches": []}, "generate_command.reviewer": {"executed_lines": [], "summary": {"covered_lines": 0, "num_statements": 15, "percent_covered": 0.0, "percent_covered_display": "0", "missing_lines": 15, "excluded_lines": 0, "percent_statements_covered": 0.0, "percent_statements_covered_display": "0", "num_branches": 2, "num_partial_branches": 0, "covered_branches": 0, "missing_branches": 2, "percent_branches_covered": 0.0, "percent_branches_covered_display": "0"}, "missing_lines": [254, 255, 256, 257, 260, 261, 262, 263, 270, 271, 278, 279, 280, 281, 282], "excluded_lines": [], "start_line": 253, "executed_branches": [], "missing_branches": [[254, 255], [254, 263]]}, "review_resume": {"executed_lines": [], "summary": {"covered_lines": 0, "num_statements": 8, "percent_covered": 0.0, "percent_covered_display": "0", "missing_lines": 8, "excluded_lines": 0, "percent_statements_covered": 0.0, "percent_statements_covered_display": "0", "num_branches": 2, "num_partial_branches": 0, "covered_branches": 0, "missing_branches": 2, "percent_branches_covered": 0.0, "percent_branches_covered_display": "0"}, "missing_lines": [314, 315, 316, 317, 318, 319, 320, 322], "excluded_lines": [], "start_line": 312, "executed_branches": [], "missing_branches": [[319, 320], [319, 322]]}, "review_status": {"executed_lines": [328, 329, 332, 333, 334], "summary": {"covered_lines": 5, "num_statements": 7, "percent_covered": 71.42857142857143, "percent_covered_display": "71", "missing_lines": 2, "excluded_lines": 0, "percent_statements_covered": 71.42857142857143, "percent_statements_covered_display": "71", "num_branches": 0, "num_partial_branches": 0, "covered_branches": 0, "missing_branches": 0, "percent_branches_covered": 100.0, "percent_branches_covered_display": "100"}, "missing_lines": [330, 331], "excluded_lines": [], "start_line": 326, "executed_branches": [], "missing_branches": []}, "review_export": {"executed_lines": [343, 345, 346], "summary": {"covered_lines": 3, "num_statements": 6, "percent_covered": 50.0, "percent_covered_display": "50", "missing_lines": 3, "excluded_lines": 0, "percent_statements_covered": 50.0, "percent_statements_covered_display": "50", "num_branches": 2, "num_partial_branches": 1, "covered_branches": 1, "missing_branches": 1, "percent_branches_covered": 50.0, "percent_branches_covered_display": "50"}, "missing_lines": [344, 347, 348], "excluded_lines": [], "start_line": 338, "executed_branches": [[343, 345]], "missing_branches": [[343, 344]]}, "review_invalidate": {"executed_lines": [354, 355, 358], "summary": {"covered_lines": 3, "num_statements": 5, "percent_covered": 60.0, "percent_covered_display": "60", "missing_lines": 2, "excluded_lines": 0, "percent_statements_covered": 60.0, "percent_statements_covered_display": "60", "num_branches": 0, "num_partial_branches": 0, "covered_branches": 0, "missing_branches": 0, "percent_branches_covered": 100.0, "percent_branches_covered_display": "100"}, "missing_lines": [356, 357], "excluded_lines": [], "start_line": 352, "executed_branches": [], "missing_branches": []}, "doctor": {"executed_lines": [], "summary": {"covered_lines": 0, "num_statements": 17, "percent_covered": 0.0, "percent_covered_display": "0", "missing_lines": 17, "excluded_lines": 0, "percent_statements_covered": 0.0, "percent_statements_covered_display": "0", "num_branches": 8, "num_partial_branches": 0, "covered_branches": 0, "missing_branches": 8, "percent_branches_covered": 0.0, "percent_branches_covered_display": "0"}, "missing_lines": [374, 375, 376, 377, 378, 379, 380, 381, 382, 383, 384, 385, 387, 388, 389, 390, 391], "excluded_lines": [], "start_line": 362, "executed_branches": [], "missing_branches": [[381, 382], [381, 389], [382, 383], [382, 384], [384, 385], [384, 387], [390, -361], [390, 391]]}, "_render_expected_error": {"executed_lines": [395, 396], "summary": {"covered_lines": 2, "num_statements": 3, "percent_covered": 60.0, "percent_covered_display": "60", "missing_lines": 1, "excluded_lines": 0, "percent_statements_covered": 66.66666666666667, "percent_statements_covered_display": "67", "num_branches": 2, "num_partial_branches": 1, "covered_branches": 1, "missing_branches": 1, "percent_branches_covered": 50.0, "percent_branches_covered_display": "50"}, "missing_lines": [397], "excluded_lines": [], "start_line": 394, "executed_branches": [[396, -394]], "missing_branches": [[396, 397]]}, "_render_debug_traceback": {"executed_lines": [401, 402], "summary": {"covered_lines": 2, "num_statements": 2, "percent_covered": 100.0, "percent_covered_display": "100", "missing_lines": 0, "excluded_lines": 0, "percent_statements_covered": 100.0, "percent_statements_covered_display": "100", "num_branches": 0, "num_partial_branches": 0, "covered_branches": 0, "missing_branches": 0, "percent_branches_covered": 100.0, "percent_branches_covered_display": "100"}, "missing_lines": [], "excluded_lines": [], "start_line": 400, "executed_branches": [], "missing_branches": []}, "main": {"executed_lines": [408, 409, 410, 411, 412, 413, 414], "summary": {"covered_lines": 7, "num_statements": 16, "percent_covered": 45.0, "percent_covered_display": "45", "missing_lines": 9, "excluded_lines": 0, "percent_statements_covered": 43.75, "percent_statements_covered_display": "44", "num_branches": 4, "num_partial_branches": 0, "covered_branches": 2, "missing_branches": 2, "percent_branches_covered": 50.0, "percent_branches_covered_display": "50"}, "missing_lines": [415, 416, 417, 418, 419, 420, 421, 423, 424], "excluded_lines": [], "start_line": 405, "executed_branches": [[412, 413], [412, 414]], "missing_branches": [[420, 421], [420, 423]]}, "": {"executed_lines": [3, 5, 6, 7, 8, 9, 10, 12, 13, 14, 15, 17, 18, 19, 20, 21, 22, 23, 24, 25, 26, 27, 28, 29, 34, 37, 38, 40, 45, 46, 47, 48, 49, 50, 52, 53, 56, 57, 58, 61, 64, 70, 71, 89, 90, 96, 97, 109, 110, 121, 122, 133, 134, 148, 153, 154, 311, 312, 325, 326, 337, 338, 351, 352, 361, 362, 394, 400, 405, 427], "summary": {"covered_lines": 70, "num_statements": 71, "percent_covered": 97.26027397260275, "percent_covered_display": "97", "missing_lines": 1, "excluded_lines": 0, "percent_statements_covered": 98.59154929577464, "percent_statements_covered_display": "99", "num_branches": 2, "num_partial_branches": 1, "covered_branches": 1, "missing_branches": 1, "percent_branches_covered": 50.0, "percent_branches_covered_display": "50"}, "missing_lines": [428], "excluded_lines": [], "start_line": 1, "executed_branches": [[427, -1]], "missing_branches": [[427, 428]]}}, "classes": {"RuntimeState": {"executed_lines": [], "summary": {"covered_lines": 0, "num_statements": 0, "percent_covered": 100.0, "percent_covered_display": "100", "missing_lines": 0, "excluded_lines": 0, "percent_statements_covered": 100.0, "percent_statements_covered_display": "100", "num_branches": 0, "num_partial_branches": 0, "covered_branches": 0, "missing_branches": 0, "percent_branches_covered": 100.0, "percent_branches_covered_display": "100"}, "missing_lines": [], "excluded_lines": [], "start_line": 57, "executed_branches": [], "missing_branches": []}, "": {"executed_lines": [3, 5, 6, 7, 8, 9, 10, 12, 13, 14, 15, 17, 18, 19, 20, 21, 22, 23, 24, 25, 26, 27, 28, 29, 34, 37, 38, 40, 45, 46, 47, 48, 49, 50, 52, 53, 56, 57, 58, 61, 64, 65, 70, 71, 85, 86, 89, 90, 96, 97, 109, 110, 121, 122, 133, 134, 137, 138, 139, 145, 148, 153, 154, 173, 174, 176, 184, 185, 186, 187, 311, 312, 325, 326, 328, 329, 332, 333, 334, 337, 338, 343, 345, 346, 351, 352, 354, 355, 358, 361, 362, 394, 395, 396, 400, 401, 402, 405, 408, 409, 410, 411, 412, 413, 414, 427], "summary": {"covered_lines": 106, "num_statements": 238, "percent_covered": 38.666666666666664, "percent_covered_display": "39", "missing_lines": 132, "excluded_lines": 0, "percent_statements_covered": 44.53781512605042, "percent_statements_covered_display": "45", "num_branches": 62, "num_partial_branches": 8, "covered_branches": 10, "missing_branches": 52, "percent_branches_covered": 16.129032258064516, "percent_branches_covered_display": "16"}, "missing_lines": [66, 67, 93, 100, 101, 102, 103, 104, 105, 106, 115, 116, 117, 118, 125, 126, 127, 128, 130, 140, 144, 149, 150, 175, 191, 192, 193, 194, 195, 196, 197, 200, 201, 212, 213, 214, 215, 220, 221, 222, 223, 224, 225, 226, 228, 229, 230, 231, 232, 233, 234, 235, 236, 237, 238, 239, 240, 241, 242, 243, 244, 245, 248, 250, 251, 253, 254, 255, 256, 257, 260, 261, 262, 263, 270, 271, 278, 279, 280, 281, 282, 284, 302, 303, 304, 305, 306, 307, 308, 314, 315, 316, 317, 318, 319, 320, 322, 330, 331, 344, 347, 348, 356, 357, 374, 375, 376, 377, 378, 379, 380, 381, 382, 383, 384, 385, 387, 388, 389, 390, 391, 397, 415, 416, 417, 418, 419, 420, 421, 423, 424, 428], "excluded_lines": [], "start_line": 1, "executed_branches": [[65, -64], [139, 145], [174, 176], [184, 185], [186, 187], [343, 345], [396, -394], [412, 413], [412, 414], [427, -1]], "missing_branches": [[65, 66], [104, 105], [104, 106], [127, 128], [127, 130], [139, 140], [174, 175], [184, 195], [186, 191], [191, 192], [191, 193], [193, 194], [193, 195], [196, 197], [196, 200], [212, 213], [212, 239], [214, 215], [214, 229], [220, 221], [220, 222], [222, 223], [222, 224], [224, 225], [224, 228], [235, 236], [235, 237], [237, 238], [237, 239], [244, 245], [244, 248], [254, 255], [254, 263], [304, 305], [304, 306], [306, 307], [306, 308], [319, 320], [319, 322], [343, 344], [381, 382], [381, 389], [382, 383], [382, 384], [384, 385], [384, 387], [390, -361], [390, 391], [396, 397], [420, 421], [420, 423], [427, 428]]}}}, "src/resume_tailor/config.py": {"executed_lines": [3, 5, 6, 7, 8, 9, 11, 13, 15, 16, 17, 18, 20, 21, 24, 25, 28, 29, 30, 31, 32, 33, 34, 35, 38, 43, 44, 45, 46, 47, 48, 51, 52, 53, 54, 55, 56, 59, 60, 61, 63, 65, 67, 69, 72, 73, 74, 75, 76, 77, 78, 81, 82, 83, 84, 85, 86, 92, 94, 95, 97, 100, 101, 102, 103, 104, 105, 106, 107, 110, 119, 120, 121, 122, 123, 124, 125, 126, 127, 132, 135, 136, 137, 138, 141, 144, 145, 146, 147, 148, 149, 150, 151, 153, 154, 155, 156, 157, 158, 164], "summary": {"covered_lines": 100, "num_statements": 116, "percent_covered": 85.71428571428571, "percent_covered_display": "86", "missing_lines": 16, "excluded_lines": 0, "percent_statements_covered": 86.20689655172414, "percent_statements_covered_display": "86", "num_branches": 38, "num_partial_branches": 6, "covered_branches": 32, "missing_branches": 6, "percent_branches_covered": 84.21052631578948, "percent_branches_covered_display": "84"}, "missing_lines": [39, 40, 49, 50, 62, 64, 66, 68, 87, 88, 93, 96, 128, 129, 159, 160], "excluded_lines": [], "executed_branches": [[44, 45], [44, 46], [46, 47], [46, 54], [51, 52], [51, 53], [54, 55], [54, 56], [61, 63], [63, 65], [65, 67], [67, 69], [75, 76], [75, 78], [82, 83], [82, 84], [92, 94], [95, 97], [103, 104], [103, 107], [105, 103], [105, 106], [123, 124], [123, 126], [136, 137], [136, 138], [147, 148], [147, 155], [148, 149], [148, 150], [150, 151], [150, 153]], "missing_branches": [[61, 62], [63, 64], [65, 66], [67, 68], [92, 93], [95, 96]], "functions": {"config_path": {"executed_lines": [], "summary": {"covered_lines": 0, "num_statements": 2, "percent_covered": 0.0, "percent_covered_display": "0", "missing_lines": 2, "excluded_lines": 0, "percent_statements_covered": 0.0, "percent_statements_covered_display": "0", "num_branches": 0, "num_partial_branches": 0, "covered_branches": 0, "missing_branches": 0, "percent_branches_covered": 100.0, "percent_branches_covered_display": "100"}, "missing_lines": [39, 40], "excluded_lines": [], "start_line": 38, "executed_branches": [], "missing_branches": []}, "_coerce": {"executed_lines": [44, 45, 46, 47, 48, 51, 52, 53, 54, 55, 56], "summary": {"covered_lines": 11, "num_statements": 13, "percent_covered": 90.47619047619048, "percent_covered_display": "90", "missing_lines": 2, "excluded_lines": 0, "percent_statements_covered": 84.61538461538461, "percent_statements_covered_display": "85", "num_branches": 8, "num_partial_branches": 0, "covered_branches": 8, "missing_branches": 0, "percent_branches_covered": 100.0, "percent_branches_covered_display": "100"}, "missing_lines": [49, 50], "excluded_lines": [], "start_line": 43, "executed_branches": [[44, 45], [44, 46], [46, 47], [46, 54], [51, 52], [51, 53], [54, 55], [54, 56]], "missing_branches": []}, "_validated": {"executed_lines": [60, 61, 63, 65, 67, 69], "summary": {"covered_lines": 6, "num_statements": 10, "percent_covered": 55.55555555555556, "percent_covered_display": "56", "missing_lines": 4, "excluded_lines": 0, "percent_statements_covered": 60.0, "percent_statements_covered_display": "60", "num_branches": 8, "num_partial_branches": 4, "covered_branches": 4, "missing_branches": 4, "percent_branches_covered": 50.0, "percent_branches_covered_display": "50"}, "missing_lines": [62, 64, 66, 68], "excluded_lines": [], "start_line": 59, "executed_branches": [[61, 63], [63, 65], [65, 67], [67, 69]], "missing_branches": [[61, 62], [63, 64], [65, 66], [67, 68]]}, "_known_values": {"executed_lines": [73, 74, 75, 76, 77, 78], "summary": {"covered_lines": 6, "num_statements": 6, "percent_covered": 100.0, "percent_covered_display": "100", "missing_lines": 0, "excluded_lines": 0, "percent_statements_covered": 100.0, "percent_statements_covered_display": "100", "num_branches": 2, "num_partial_branches": 0, "covered_branches": 2, "missing_branches": 0, "percent_branches_covered": 100.0, "percent_branches_covered_display": "100"}, "missing_lines": [], "excluded_lines": [], "start_line": 72, "executed_branches": [[75, 76], [75, 78]], "missing_branches": []}, "read_config_file": {"executed_lines": [82, 83, 84, 85, 86, 92, 94, 95, 97], "summary": {"covered_lines": 9, "num_statements": 13, "percent_covered": 68.42105263157895, "percent_covered_display": "68", "missing_lines": 4, "excluded_lines": 0, "percent_statements_covered": 69.23076923076923, "percent_statements_covered_display": "69", "num_branches": 6, "num_partial_branches": 2, "covered_branches": 4, "missing_branches": 2, "percent_branches_covered": 66.66666666666667, "percent_branches_covered_display": "67"}, "missing_lines": [87, 88, 93, 96], "excluded_lines": [], "start_line": 81, "executed_branches": [[82, 83], [82, 84], [92, 94], [95, 97]], "missing_branches": [[92, 93], [95, 96]]}, "environment_values": {"executed_lines": [101, 102, 103, 104, 105, 106, 107], "summary": {"covered_lines": 7, "num_statements": 7, "percent_covered": 100.0, "percent_covered_display": "100", "missing_lines": 0, "excluded_lines": 0, "percent_statements_covered": 100.0, "percent_statements_covered_display": "100", "num_branches": 4, "num_partial_branches": 0, "covered_branches": 4, "missing_branches": 0, "percent_branches_covered": 100.0, "percent_branches_covered_display": "100"}, "missing_lines": [], "excluded_lines": [], "start_line": 100, "executed_branches": [[103, 104], [103, 107], [105, 103], [105, 106]], "missing_branches": []}, "load_config": {"executed_lines": [119, 120, 121, 122, 123, 124, 125, 126, 127], "summary": {"covered_lines": 9, "num_statements": 11, "percent_covered": 84.61538461538461, "percent_covered_display": "85", "missing_lines": 2, "excluded_lines": 0, "percent_statements_covered": 81.81818181818181, "percent_statements_covered_display": "82", "num_branches": 2, "num_partial_branches": 0, "covered_branches": 2, "missing_branches": 0, "percent_branches_covered": 100.0, "percent_branches_covered_display": "100"}, "missing_lines": [128, 129], "excluded_lines": [], "start_line": 110, "executed_branches": [[123, 124], [123, 126]], "missing_branches": []}, "serializable_config": {"executed_lines": [135, 136, 137, 138], "summary": {"covered_lines": 4, "num_statements": 4, "percent_covered": 100.0, "percent_covered_display": "100", "missing_lines": 0, "excluded_lines": 0, "percent_statements_covered": 100.0, "percent_statements_covered_display": "100", "num_branches": 2, "num_partial_branches": 0, "covered_branches": 2, "missing_branches": 0, "percent_branches_covered": 100.0, "percent_branches_covered_display": "100"}, "missing_lines": [], "excluded_lines": [], "start_line": 132, "executed_branches": [[136, 137], [136, 138]], "missing_branches": []}, "write_config": {"executed_lines": [144, 145, 146, 147, 148, 149, 150, 151, 153, 154, 155, 156, 157, 158, 164], "summary": {"covered_lines": 15, "num_statements": 17, "percent_covered": 91.30434782608695, "percent_covered_display": "91", "missing_lines": 2, "excluded_lines": 0, "percent_statements_covered": 88.23529411764706, "percent_statements_covered_display": "88", "num_branches": 6, "num_partial_branches": 0, "covered_branches": 6, "missing_branches": 0, "percent_branches_covered": 100.0, "percent_branches_covered_display": "100"}, "missing_lines": [159, 160], "excluded_lines": [], "start_line": 141, "executed_branches": [[147, 148], [147, 155], [148, 149], [148, 150], [150, 151], [150, 153]], "missing_branches": []}, "": {"executed_lines": [3, 5, 6, 7, 8, 9, 11, 13, 15, 16, 17, 18, 20, 21, 24, 25, 28, 29, 30, 31, 32, 33, 34, 35, 38, 43, 59, 72, 81, 100, 110, 132, 141], "summary": {"covered_lines": 33, "num_statements": 33, "percent_covered": 100.0, "percent_covered_display": "100", "missing_lines": 0, "excluded_lines": 0, "percent_statements_covered": 100.0, "percent_statements_covered_display": "100", "num_branches": 0, "num_partial_branches": 0, "covered_branches": 0, "missing_branches": 0, "percent_branches_covered": 100.0, "percent_branches_covered_display": "100"}, "missing_lines": [], "excluded_lines": [], "start_line": 1, "executed_branches": [], "missing_branches": []}}, "classes": {"AppConfig": {"executed_lines": [], "summary": {"covered_lines": 0, "num_statements": 0, "percent_covered": 100.0, "percent_covered_display": "100", "missing_lines": 0, "excluded_lines": 0, "percent_statements_covered": 100.0, "percent_statements_covered_display": "100", "num_branches": 0, "num_partial_branches": 0, "covered_branches": 0, "missing_branches": 0, "percent_branches_covered": 100.0, "percent_branches_covered_display": "100"}, "missing_lines": [], "excluded_lines": [], "start_line": 25, "executed_branches": [], "missing_branches": []}, "": {"executed_lines": [3, 5, 6, 7, 8, 9, 11, 13, 15, 16, 17, 18, 20, 21, 24, 25, 28, 29, 30, 31, 32, 33, 34, 35, 38, 43, 44, 45, 46, 47, 48, 51, 52, 53, 54, 55, 56, 59, 60, 61, 63, 65, 67, 69, 72, 73, 74, 75, 76, 77, 78, 81, 82, 83, 84, 85, 86, 92, 94, 95, 97, 100, 101, 102, 103, 104, 105, 106, 107, 110, 119, 120, 121, 122, 123, 124, 125, 126, 127, 132, 135, 136, 137, 138, 141, 144, 145, 146, 147, 148, 149, 150, 151, 153, 154, 155, 156, 157, 158, 164], "summary": {"covered_lines": 100, "num_statements": 116, "percent_covered": 85.71428571428571, "percent_covered_display": "86", "missing_lines": 16, "excluded_lines": 0, "percent_statements_covered": 86.20689655172414, "percent_statements_covered_display": "86", "num_branches": 38, "num_partial_branches": 6, "covered_branches": 32, "missing_branches": 6, "percent_branches_covered": 84.21052631578948, "percent_branches_covered_display": "84"}, "missing_lines": [39, 40, 49, 50, 62, 64, 66, 68, 87, 88, 93, 96, 128, 129, 159, 160], "excluded_lines": [], "start_line": 1, "executed_branches": [[44, 45], [44, 46], [46, 47], [46, 54], [51, 52], [51, 53], [54, 55], [54, 56], [61, 63], [63, 65], [65, 67], [67, 69], [75, 76], [75, 78], [82, 83], [82, 84], [92, 94], [95, 97], [103, 104], [103, 107], [105, 103], [105, 106], [123, 124], [123, 126], [136, 137], [136, 138], [147, 148], [147, 155], [148, 149], [148, 150], [150, 151], [150, 153]], "missing_branches": [[61, 62], [63, 64], [65, 66], [67, 68], [92, 93], [95, 96]]}}}, "src/resume_tailor/credentials.py": {"executed_lines": [3, 5, 6, 7, 8, 9, 10, 11, 13, 15, 17, 28, 36, 37, 38, 39, 42, 43, 44, 45, 48, 49, 50, 54, 57, 58, 59, 62, 63, 64, 67, 70, 73, 79, 80, 82, 83, 84, 85, 86, 87, 88, 90, 97, 98, 99, 100, 101, 102, 103, 104, 105, 106, 107, 108, 109, 114, 115, 116, 117, 119, 124, 125, 132, 133, 134, 136, 138, 139, 142, 144, 145, 147, 148, 149, 150, 151], "summary": {"covered_lines": 77, "num_statements": 89, "percent_covered": 82.88288288288288, "percent_covered_display": "83", "missing_lines": 12, "excluded_lines": 7, "percent_statements_covered": 86.51685393258427, "percent_statements_covered_display": "87", "num_branches": 22, "num_partial_branches": 7, "covered_branches": 15, "missing_branches": 7, "percent_branches_covered": 68.18181818181819, "percent_branches_covered_display": "68"}, "missing_lines": [51, 65, 66, 118, 120, 126, 127, 135, 137, 140, 141, 146], "excluded_lines": [29, 30, 31, 32, 33, 34, 35], "executed_branches": [[50, 54], [85, 86], [85, 87], [100, 101], [100, 102], [103, 104], [103, 105], [105, 106], [105, 109], [107, 108], [117, 119], [119, 124], [134, 136], [136, 138], [145, 147]], "missing_branches": [[50, 51], [107, 109], [117, 118], [119, 120], [134, 135], [136, 137], [145, 146]], "functions": {"KeyringLike.get_password": {"executed_lines": [], "summary": {"covered_lines": 0, "num_statements": 0, "percent_covered": 100.0, "percent_covered_display": "100", "missing_lines": 0, "excluded_lines": 1, "percent_statements_covered": 100.0, "percent_statements_covered_display": "100", "num_branches": 0, "num_partial_branches": 0, "covered_branches": 0, "missing_branches": 0, "percent_branches_covered": 100.0, "percent_branches_covered_display": "100"}, "missing_lines": [], "excluded_lines": [29], "start_line": 29, "executed_branches": [], "missing_branches": []}, "KeyringLike.set_password": {"executed_lines": [], "summary": {"covered_lines": 0, "num_statements": 0, "percent_covered": 100.0, "percent_covered_display": "100", "missing_lines": 0, "excluded_lines": 1, "percent_statements_covered": 100.0, "percent_statements_covered_display": "100", "num_branches": 0, "num_partial_branches": 0, "covered_branches": 0, "missing_branches": 0, "percent_branches_covered": 100.0, "percent_branches_covered_display": "100"}, "missing_lines": [], "excluded_lines": [31], "start_line": 31, "executed_branches": [], "missing_branches": []}, "KeyringLike.delete_password": {"executed_lines": [], "summary": {"covered_lines": 0, "num_statements": 0, "percent_covered": 100.0, "percent_covered_display": "100", "missing_lines": 0, "excluded_lines": 1, "percent_statements_covered": 100.0, "percent_statements_covered_display": "100", "num_branches": 0, "num_partial_branches": 0, "covered_branches": 0, "missing_branches": 0, "percent_branches_covered": 100.0, "percent_branches_covered_display": "100"}, "missing_lines": [], "excluded_lines": [33], "start_line": 33, "executed_branches": [], "missing_branches": []}, "normalize_provider": {"executed_lines": [49, 50, 54], "summary": {"covered_lines": 3, "num_statements": 4, "percent_covered": 66.66666666666667, "percent_covered_display": "67", "missing_lines": 1, "excluded_lines": 0, "percent_statements_covered": 75.0, "percent_statements_covered_display": "75", "num_branches": 2, "num_partial_branches": 1, "covered_branches": 1, "missing_branches": 1, "percent_branches_covered": 50.0, "percent_branches_covered_display": "50"}, "missing_lines": [51], "excluded_lines": [], "start_line": 48, "executed_branches": [[50, 54]], "missing_branches": [[50, 51]]}, "environment_variable": {"executed_lines": [58, 59], "summary": {"covered_lines": 2, "num_statements": 2, "percent_covered": 100.0, "percent_covered_display": "100", "missing_lines": 0, "excluded_lines": 0, "percent_statements_covered": 100.0, "percent_statements_covered_display": "100", "num_branches": 0, "num_partial_branches": 0, "covered_branches": 0, "missing_branches": 0, "percent_branches_covered": 100.0, "percent_branches_covered_display": "100"}, "missing_lines": [], "excluded_lines": [], "start_line": 57, "executed_branches": [], "missing_branches": []}, "_default_keyring": {"executed_lines": [63, 64, 67], "summary": {"covered_lines": 3, "num_statements": 5, "percent_covered": 60.0, "percent_covered_display": "60", "missing_lines": 2, "excluded_lines": 0, "percent_statements_covered": 60.0, "percent_statements_covered_display": "60", "num_branches": 0, "num_partial_branches": 0, "covered_branches": 0, "missing_branches": 0, "percent_branches_covered": 100.0, "percent_branches_covered_display": "100"}, "missing_lines": [65, 66], "excluded_lines": [], "start_line": 62, "executed_branches": [], "missing_branches": []}, "CredentialManager.__init__": {"executed_lines": [79, 80], "summary": {"covered_lines": 2, "num_statements": 2, "percent_covered": 100.0, "percent_covered_display": "100", "missing_lines": 0, "excluded_lines": 0, "percent_statements_covered": 100.0, "percent_statements_covered_display": "100", "num_branches": 0, "num_partial_branches": 0, "covered_branches": 0, "missing_branches": 0, "percent_branches_covered": 100.0, "percent_branches_covered_display": "100"}, "missing_lines": [], "excluded_lines": [], "start_line": 73, "executed_branches": [], "missing_branches": []}, "CredentialManager.status": {"executed_lines": [83, 84, 85, 86, 87, 88], "summary": {"covered_lines": 6, "num_statements": 6, "percent_covered": 100.0, "percent_covered_display": "100", "missing_lines": 0, "excluded_lines": 0, "percent_statements_covered": 100.0, "percent_statements_covered_display": "100", "num_branches": 2, "num_partial_branches": 0, "covered_branches": 2, "missing_branches": 0, "percent_branches_covered": 100.0, "percent_branches_covered_display": "100"}, "missing_lines": [], "excluded_lines": [], "start_line": 82, "executed_branches": [[85, 86], [85, 87]], "missing_branches": []}, "CredentialManager.resolve": {"executed_lines": [97, 98, 99, 100, 101, 102, 103, 104, 105, 106, 107, 108, 109], "summary": {"covered_lines": 13, "num_statements": 13, "percent_covered": 95.23809523809524, "percent_covered_display": "95", "missing_lines": 0, "excluded_lines": 0, "percent_statements_covered": 100.0, "percent_statements_covered_display": "100", "num_branches": 8, "num_partial_branches": 1, "covered_branches": 7, "missing_branches": 1, "percent_branches_covered": 87.5, "percent_branches_covered_display": "88"}, "missing_lines": [], "excluded_lines": [], "start_line": 90, "executed_branches": [[100, 101], [100, 102], [103, 104], [103, 105], [105, 106], [105, 109], [107, 108]], "missing_branches": [[107, 109]]}, "CredentialManager.store": {"executed_lines": [115, 116, 117, 119, 124, 125], "summary": {"covered_lines": 6, "num_statements": 10, "percent_covered": 57.142857142857146, "percent_covered_display": "57", "missing_lines": 4, "excluded_lines": 0, "percent_statements_covered": 60.0, "percent_statements_covered_display": "60", "num_branches": 4, "num_partial_branches": 2, "covered_branches": 2, "missing_branches": 2, "percent_branches_covered": 50.0, "percent_branches_covered_display": "50"}, "missing_lines": [118, 120, 126, 127], "excluded_lines": [], "start_line": 114, "executed_branches": [[117, 119], [119, 124]], "missing_branches": [[117, 118], [119, 120]]}, "CredentialManager.delete": {"executed_lines": [133, 134, 136, 138, 139, 142], "summary": {"covered_lines": 6, "num_statements": 10, "percent_covered": 57.142857142857146, "percent_covered_display": "57", "missing_lines": 4, "excluded_lines": 0, "percent_statements_covered": 60.0, "percent_statements_covered_display": "60", "num_branches": 4, "num_partial_branches": 2, "covered_branches": 2, "missing_branches": 2, "percent_branches_covered": 50.0, "percent_branches_covered_display": "50"}, "missing_lines": [135, 137, 140, 141], "excluded_lines": [], "start_line": 132, "executed_branches": [[134, 136], [136, 138]], "missing_branches": [[134, 135], [136, 137]]}, "CredentialManager._keyring_get": {"executed_lines": [145, 147, 148, 149, 150, 151], "summary": {"covered_lines": 6, "num_statements": 7, "percent_covered": 77.77777777777777, "percent_covered_display": "78", "missing_lines": 1, "excluded_lines": 0, "percent_statements_covered": 85.71428571428571, "percent_statements_covered_display": "86", "num_branches": 2, "num_partial_branches": 1, "covered_branches": 1, "missing_branches": 1, "percent_branches_covered": 50.0, "percent_branches_covered_display": "50"}, "missing_lines": [146], "excluded_lines": [], "start_line": 144, "executed_branches": [[145, 147]], "missing_branches": [[145, 146]]}, "": {"executed_lines": [3, 5, 6, 7, 8, 9, 10, 11, 13, 15, 17, 28, 36, 37, 38, 39, 42, 43, 44, 45, 48, 57, 62, 70, 73, 82, 90, 114, 132, 144], "summary": {"covered_lines": 30, "num_statements": 30, "percent_covered": 100.0, "percent_covered_display": "100", "missing_lines": 0, "excluded_lines": 4, "percent_statements_covered": 100.0, "percent_statements_covered_display": "100", "num_branches": 0, "num_partial_branches": 0, "covered_branches": 0, "missing_branches": 0, "percent_branches_covered": 100.0, "percent_branches_covered_display": "100"}, "missing_lines": [], "excluded_lines": [30, 32, 34, 35], "start_line": 1, "executed_branches": [], "missing_branches": []}}, "classes": {"KeyringLike": {"executed_lines": [], "summary": {"covered_lines": 0, "num_statements": 0, "percent_covered": 100.0, "percent_covered_display": "100", "missing_lines": 0, "excluded_lines": 3, "percent_statements_covered": 100.0, "percent_statements_covered_display": "100", "num_branches": 0, "num_partial_branches": 0, "covered_branches": 0, "missing_branches": 0, "percent_branches_covered": 100.0, "percent_branches_covered_display": "100"}, "missing_lines": [], "excluded_lines": [29, 31, 33], "start_line": 28, "executed_branches": [], "missing_branches": []}, "CredentialSource": {"executed_lines": [], "summary": {"covered_lines": 0, "num_statements": 0, "percent_covered": 100.0, "percent_covered_display": "100", "missing_lines": 0, "excluded_lines": 0, "percent_statements_covered": 100.0, "percent_statements_covered_display": "100", "num_branches": 0, "num_partial_branches": 0, "covered_branches": 0, "missing_branches": 0, "percent_branches_covered": 100.0, "percent_branches_covered_display": "100"}, "missing_lines": [], "excluded_lines": [], "start_line": 36, "executed_branches": [], "missing_branches": []}, "ResolvedCredential": {"executed_lines": [], "summary": {"covered_lines": 0, "num_statements": 0, "percent_covered": 100.0, "percent_covered_display": "100", "missing_lines": 0, "excluded_lines": 0, "percent_statements_covered": 100.0, "percent_statements_covered_display": "100", "num_branches": 0, "num_partial_branches": 0, "covered_branches": 0, "missing_branches": 0, "percent_branches_covered": 100.0, "percent_branches_covered_display": "100"}, "missing_lines": [], "excluded_lines": [], "start_line": 43, "executed_branches": [], "missing_branches": []}, "CredentialManager": {"executed_lines": [79, 80, 83, 84, 85, 86, 87, 88, 97, 98, 99, 100, 101, 102, 103, 104, 105, 106, 107, 108, 109, 115, 116, 117, 119, 124, 125, 133, 134, 136, 138, 139, 142, 145, 147, 148, 149, 150, 151], "summary": {"covered_lines": 39, "num_statements": 48, "percent_covered": 77.94117647058823, "percent_covered_display": "78", "missing_lines": 9, "excluded_lines": 0, "percent_statements_covered": 81.25, "percent_statements_covered_display": "81", "num_branches": 20, "num_partial_branches": 6, "covered_branches": 14, "missing_branches": 6, "percent_branches_covered": 70.0, "percent_branches_covered_display": "70"}, "missing_lines": [118, 120, 126, 127, 135, 137, 140, 141, 146], "excluded_lines": [], "start_line": 70, "executed_branches": [[85, 86], [85, 87], [100, 101], [100, 102], [103, 104], [103, 105], [105, 106], [105, 109], [107, 108], [117, 119], [119, 124], [134, 136], [136, 138], [145, 147]], "missing_branches": [[107, 109], [117, 118], [119, 120], [134, 135], [136, 137], [145, 146]]}, "": {"executed_lines": [3, 5, 6, 7, 8, 9, 10, 11, 13, 15, 17, 28, 36, 37, 38, 39, 42, 43, 44, 45, 48, 49, 50, 54, 57, 58, 59, 62, 63, 64, 67, 70, 73, 82, 90, 114, 132, 144], "summary": {"covered_lines": 38, "num_statements": 41, "percent_covered": 90.69767441860465, "percent_covered_display": "91", "missing_lines": 3, "excluded_lines": 4, "percent_statements_covered": 92.6829268292683, "percent_statements_covered_display": "93", "num_branches": 2, "num_partial_branches": 1, "covered_branches": 1, "missing_branches": 1, "percent_branches_covered": 50.0, "percent_branches_covered_display": "50"}, "missing_lines": [51, 65, 66], "excluded_lines": [30, 32, 34, 35], "start_line": 1, "executed_branches": [[50, 54]], "missing_branches": [[50, 51]]}}}, "src/resume_tailor/doctor.py": {"executed_lines": [3, 5, 6, 7, 8, 9, 10, 11, 12, 14, 17, 18, 19, 20, 21, 22, 23, 26, 27, 28, 29, 30, 33, 34, 35, 36, 37, 38, 39, 42, 58, 65, 81, 82, 83, 84, 85, 86, 90, 99, 110, 116, 117, 126, 129, 130], "summary": {"covered_lines": 46, "num_statements": 53, "percent_covered": 88.52459016393442, "percent_covered_display": "89", "missing_lines": 7, "excluded_lines": 0, "percent_statements_covered": 86.79245283018868, "percent_statements_covered_display": "87", "num_branches": 8, "num_partial_branches": 0, "covered_branches": 8, "missing_branches": 0, "percent_branches_covered": 100.0, "percent_branches_covered_display": "100"}, "missing_lines": [43, 44, 51, 52, 53, 54, 55], "excluded_lines": [], "executed_branches": [[28, 29], [28, 30], [82, 83], [82, 99], [84, 85], [84, 90], [110, 116], [110, 126]], "missing_branches": [], "functions": {"_nearest_existing": {"executed_lines": [27, 28, 29, 30], "summary": {"covered_lines": 4, "num_statements": 4, "percent_covered": 100.0, "percent_covered_display": "100", "missing_lines": 0, "excluded_lines": 0, "percent_statements_covered": 100.0, "percent_statements_covered_display": "100", "num_branches": 2, "num_partial_branches": 0, "covered_branches": 2, "missing_branches": 0, "percent_branches_covered": 100.0, "percent_branches_covered_display": "100"}, "missing_lines": [], "excluded_lines": [], "start_line": 26, "executed_branches": [[28, 29], [28, 30]], "missing_branches": []}, "_writable_check": {"executed_lines": [34, 35, 36, 37, 38, 39], "summary": {"covered_lines": 6, "num_statements": 6, "percent_covered": 100.0, "percent_covered_display": "100", "missing_lines": 0, "excluded_lines": 0, "percent_statements_covered": 100.0, "percent_statements_covered_display": "100", "num_branches": 0, "num_partial_branches": 0, "covered_branches": 0, "missing_branches": 0, "percent_branches_covered": 100.0, "percent_branches_covered_display": "100"}, "missing_lines": [], "excluded_lines": [], "start_line": 33, "executed_branches": [], "missing_branches": []}, "_engine_version": {"executed_lines": [], "summary": {"covered_lines": 0, "num_statements": 7, "percent_covered": 0.0, "percent_covered_display": "0", "missing_lines": 7, "excluded_lines": 0, "percent_statements_covered": 0.0, "percent_statements_covered_display": "0", "num_branches": 0, "num_partial_branches": 0, "covered_branches": 0, "missing_branches": 0, "percent_branches_covered": 100.0, "percent_branches_covered_display": "100"}, "missing_lines": [43, 44, 51, 52, 53, 54, 55], "excluded_lines": [], "start_line": 42, "executed_branches": [], "missing_branches": []}, "run_diagnostics": {"executed_lines": [65, 81, 82, 83, 84, 85, 86, 90, 99, 110, 116, 117, 126], "summary": {"covered_lines": 13, "num_statements": 13, "percent_covered": 100.0, "percent_covered_display": "100", "missing_lines": 0, "excluded_lines": 0, "percent_statements_covered": 100.0, "percent_statements_covered_display": "100", "num_branches": 6, "num_partial_branches": 0, "covered_branches": 6, "missing_branches": 0, "percent_branches_covered": 100.0, "percent_branches_covered_display": "100"}, "missing_lines": [], "excluded_lines": [], "start_line": 58, "executed_branches": [[82, 83], [82, 99], [84, 85], [84, 90], [110, 116], [110, 126]], "missing_branches": []}, "required_checks_pass": {"executed_lines": [130], "summary": {"covered_lines": 1, "num_statements": 1, "percent_covered": 100.0, "percent_covered_display": "100", "missing_lines": 0, "excluded_lines": 0, "percent_statements_covered": 100.0, "percent_statements_covered_display": "100", "num_branches": 0, "num_partial_branches": 0, "covered_branches": 0, "missing_branches": 0, "percent_branches_covered": 100.0, "percent_branches_covered_display": "100"}, "missing_lines": [], "excluded_lines": [], "start_line": 129, "executed_branches": [], "missing_branches": []}, "": {"executed_lines": [3, 5, 6, 7, 8, 9, 10, 11, 12, 14, 17, 18, 19, 20, 21, 22, 23, 26, 33, 42, 58, 129], "summary": {"covered_lines": 22, "num_statements": 22, "percent_covered": 100.0, "percent_covered_display": "100", "missing_lines": 0, "excluded_lines": 0, "percent_statements_covered": 100.0, "percent_statements_covered_display": "100", "num_branches": 0, "num_partial_branches": 0, "covered_branches": 0, "missing_branches": 0, "percent_branches_covered": 100.0, "percent_branches_covered_display": "100"}, "missing_lines": [], "excluded_lines": [], "start_line": 1, "executed_branches": [], "missing_branches": []}}, "classes": {"DiagnosticCheck": {"executed_lines": [], "summary": {"covered_lines": 0, "num_statements": 0, "percent_covered": 100.0, "percent_covered_display": "100", "missing_lines": 0, "excluded_lines": 0, "percent_statements_covered": 100.0, "percent_statements_covered_display": "100", "num_branches": 0, "num_partial_branches": 0, "covered_branches": 0, "missing_branches": 0, "percent_branches_covered": 100.0, "percent_branches_covered_display": "100"}, "missing_lines": [], "excluded_lines": [], "start_line": 18, "executed_branches": [], "missing_branches": []}, "": {"executed_lines": [3, 5, 6, 7, 8, 9, 10, 11, 12, 14, 17, 18, 19, 20, 21, 22, 23, 26, 27, 28, 29, 30, 33, 34, 35, 36, 37, 38, 39, 42, 58, 65, 81, 82, 83, 84, 85, 86, 90, 99, 110, 116, 117, 126, 129, 130], "summary": {"covered_lines": 46, "num_statements": 53, "percent_covered": 88.52459016393442, "percent_covered_display": "89", "missing_lines": 7, "excluded_lines": 0, "percent_statements_covered": 86.79245283018868, "percent_statements_covered_display": "87", "num_branches": 8, "num_partial_branches": 0, "covered_branches": 8, "missing_branches": 0, "percent_branches_covered": 100.0, "percent_branches_covered_display": "100"}, "missing_lines": [43, 44, 51, 52, 53, 54, 55], "excluded_lines": [], "start_line": 1, "executed_branches": [[28, 29], [28, 30], [82, 83], [82, 99], [84, 85], [84, 90], [110, 116], [110, 126]], "missing_branches": []}}}, "src/resume_tailor/errors.py": {"executed_lines": [3, 5, 8, 11, 12, 13, 14, 15, 16, 17, 18, 19, 20, 23, 26, 28, 29, 30, 31, 34, 35, 38, 42, 43, 46, 47, 50, 51, 54, 55, 58, 59, 62, 63, 66, 67], "summary": {"covered_lines": 36, "num_statements": 36, "percent_covered": 100.0, "percent_covered_display": "100", "missing_lines": 0, "excluded_lines": 0, "percent_statements_covered": 100.0, "percent_statements_covered_display": "100", "num_branches": 0, "num_partial_branches": 0, "covered_branches": 0, "missing_branches": 0, "percent_branches_covered": 100.0, "percent_branches_covered_display": "100"}, "missing_lines": [], "excluded_lines": [], "executed_branches": [], "missing_branches": [], "functions": {"ResumeTailorError.__init__": {"executed_lines": [29, 30, 31], "summary": {"covered_lines": 3, "num_statements": 3, "percent_covered": 100.0, "percent_covered_display": "100", "missing_lines": 0, "excluded_lines": 0, "percent_statements_covered": 100.0, "percent_statements_covered_display": "100", "num_branches": 0, "num_partial_branches": 0, "covered_branches": 0, "missing_branches": 0, "percent_branches_covered": 100.0, "percent_branches_covered_display": "100"}, "missing_lines": [], "excluded_lines": [], "start_line": 28, "executed_branches": [], "missing_branches": []}, "": {"executed_lines": [3, 5, 8, 11, 12, 13, 14, 15, 16, 17, 18, 19, 20, 23, 26, 28, 34, 35, 38, 42, 43, 46, 47, 50, 51, 54, 55, 58, 59, 62, 63, 66, 67], "summary": {"covered_lines": 33, "num_statements": 33, "percent_covered": 100.0, "percent_covered_display": "100", "missing_lines": 0, "excluded_lines": 0, "percent_statements_covered": 100.0, "percent_statements_covered_display": "100", "num_branches": 0, "num_partial_branches": 0, "covered_branches": 0, "missing_branches": 0, "percent_branches_covered": 100.0, "percent_branches_covered_display": "100"}, "missing_lines": [], "excluded_lines": [], "start_line": 1, "executed_branches": [], "missing_branches": []}}, "classes": {"ExitCode": {"executed_lines": [], "summary": {"covered_lines": 0, "num_statements": 0, "percent_covered": 100.0, "percent_covered_display": "100", "missing_lines": 0, "excluded_lines": 0, "percent_statements_covered": 100.0, "percent_statements_covered_display": "100", "num_branches": 0, "num_partial_branches": 0, "covered_branches": 0, "missing_branches": 0, "percent_branches_covered": 100.0, "percent_branches_covered_display": "100"}, "missing_lines": [], "excluded_lines": [], "start_line": 8, "executed_branches": [], "missing_branches": []}, "ResumeTailorError": {"executed_lines": [29, 30, 31], "summary": {"covered_lines": 3, "num_statements": 3, "percent_covered": 100.0, "percent_covered_display": "100", "missing_lines": 0, "excluded_lines": 0, "percent_statements_covered": 100.0, "percent_statements_covered_display": "100", "num_branches": 0, "num_partial_branches": 0, "covered_branches": 0, "missing_branches": 0, "percent_branches_covered": 100.0, "percent_branches_covered_display": "100"}, "missing_lines": [], "excluded_lines": [], "start_line": 23, "executed_branches": [], "missing_branches": []}, "UsageError": {"executed_lines": [], "summary": {"covered_lines": 0, "num_statements": 0, "percent_covered": 100.0, "percent_covered_display": "100", "missing_lines": 0, "excluded_lines": 0, "percent_statements_covered": 100.0, "percent_statements_covered_display": "100", "num_branches": 0, "num_partial_branches": 0, "covered_branches": 0, "missing_branches": 0, "percent_branches_covered": 100.0, "percent_branches_covered_display": "100"}, "missing_lines": [], "excluded_lines": [], "start_line": 34, "executed_branches": [], "missing_branches": []}, "ConfigError": {"executed_lines": [], "summary": {"covered_lines": 0, "num_statements": 0, "percent_covered": 100.0, "percent_covered_display": "100", "missing_lines": 0, "excluded_lines": 0, "percent_statements_covered": 100.0, "percent_statements_covered_display": "100", "num_branches": 0, "num_partial_branches": 0, "covered_branches": 0, "missing_branches": 0, "percent_branches_covered": 100.0, "percent_branches_covered_display": "100"}, "missing_lines": [], "excluded_lines": [], "start_line": 38, "executed_branches": [], "missing_branches": []}, "CredentialError": {"executed_lines": [], "summary": {"covered_lines": 0, "num_statements": 0, "percent_covered": 100.0, "percent_covered_display": "100", "missing_lines": 0, "excluded_lines": 0, "percent_statements_covered": 100.0, "percent_statements_covered_display": "100", "num_branches": 0, "num_partial_branches": 0, "covered_branches": 0, "missing_branches": 0, "percent_branches_covered": 100.0, "percent_branches_covered_display": "100"}, "missing_lines": [], "excluded_lines": [], "start_line": 42, "executed_branches": [], "missing_branches": []}, "ProviderError": {"executed_lines": [], "summary": {"covered_lines": 0, "num_statements": 0, "percent_covered": 100.0, "percent_covered_display": "100", "missing_lines": 0, "excluded_lines": 0, "percent_statements_covered": 100.0, "percent_statements_covered_display": "100", "num_branches": 0, "num_partial_branches": 0, "covered_branches": 0, "missing_branches": 0, "percent_branches_covered": 100.0, "percent_branches_covered_display": "100"}, "missing_lines": [], "excluded_lines": [], "start_line": 46, "executed_branches": [], "missing_branches": []}, "GroundingError": {"executed_lines": [], "summary": {"covered_lines": 0, "num_statements": 0, "percent_covered": 100.0, "percent_covered_display": "100", "missing_lines": 0, "excluded_lines": 0, "percent_statements_covered": 100.0, "percent_statements_covered_display": "100", "num_branches": 0, "num_partial_branches": 0, "covered_branches": 0, "missing_branches": 0, "percent_branches_covered": 100.0, "percent_branches_covered_display": "100"}, "missing_lines": [], "excluded_lines": [], "start_line": 50, "executed_branches": [], "missing_branches": []}, "LatexError": {"executed_lines": [], "summary": {"covered_lines": 0, "num_statements": 0, "percent_covered": 100.0, "percent_covered_display": "100", "missing_lines": 0, "excluded_lines": 0, "percent_statements_covered": 100.0, "percent_statements_covered_display": "100", "num_branches": 0, "num_partial_branches": 0, "covered_branches": 0, "missing_branches": 0, "percent_branches_covered": 100.0, "percent_branches_covered_display": "100"}, "missing_lines": [], "excluded_lines": [], "start_line": 54, "executed_branches": [], "missing_branches": []}, "CompilerError": {"executed_lines": [], "summary": {"covered_lines": 0, "num_statements": 0, "percent_covered": 100.0, "percent_covered_display": "100", "missing_lines": 0, "excluded_lines": 0, "percent_statements_covered": 100.0, "percent_statements_covered_display": "100", "num_branches": 0, "num_partial_branches": 0, "covered_branches": 0, "missing_branches": 0, "percent_branches_covered": 100.0, "percent_branches_covered_display": "100"}, "missing_lines": [], "excluded_lines": [], "start_line": 58, "executed_branches": [], "missing_branches": []}, "ValidationError": {"executed_lines": [], "summary": {"covered_lines": 0, "num_statements": 0, "percent_covered": 100.0, "percent_covered_display": "100", "missing_lines": 0, "excluded_lines": 0, "percent_statements_covered": 100.0, "percent_statements_covered_display": "100", "num_branches": 0, "num_partial_branches": 0, "covered_branches": 0, "missing_branches": 0, "percent_branches_covered": 100.0, "percent_branches_covered_display": "100"}, "missing_lines": [], "excluded_lines": [], "start_line": 62, "executed_branches": [], "missing_branches": []}, "CancelledError": {"executed_lines": [], "summary": {"covered_lines": 0, "num_statements": 0, "percent_covered": 100.0, "percent_covered_display": "100", "missing_lines": 0, "excluded_lines": 0, "percent_statements_covered": 100.0, "percent_statements_covered_display": "100", "num_branches": 0, "num_partial_branches": 0, "covered_branches": 0, "missing_branches": 0, "percent_branches_covered": 100.0, "percent_branches_covered_display": "100"}, "missing_lines": [], "excluded_lines": [], "start_line": 66, "executed_branches": [], "missing_branches": []}, "": {"executed_lines": [3, 5, 8, 11, 12, 13, 14, 15, 16, 17, 18, 19, 20, 23, 26, 28, 34, 35, 38, 42, 43, 46, 47, 50, 51, 54, 55, 58, 59, 62, 63, 66, 67], "summary": {"covered_lines": 33, "num_statements": 33, "percent_covered": 100.0, "percent_covered_display": "100", "missing_lines": 0, "excluded_lines": 0, "percent_statements_covered": 100.0, "percent_statements_covered_display": "100", "num_branches": 0, "num_partial_branches": 0, "covered_branches": 0, "missing_branches": 0, "percent_branches_covered": 100.0, "percent_branches_covered_display": "100"}, "missing_lines": [], "excluded_lines": [], "start_line": 1, "executed_branches": [], "missing_branches": []}}}, "src/resume_tailor/evidence/__init__.py": {"executed_lines": [3, 5], "summary": {"covered_lines": 2, "num_statements": 2, "percent_covered": 100.0, "percent_covered_display": "100", "missing_lines": 0, "excluded_lines": 0, "percent_statements_covered": 100.0, "percent_statements_covered_display": "100", "num_branches": 0, "num_partial_branches": 0, "covered_branches": 0, "missing_branches": 0, "percent_branches_covered": 100.0, "percent_branches_covered_display": "100"}, "missing_lines": [], "excluded_lines": [], "executed_branches": [], "missing_branches": [], "functions": {"": {"executed_lines": [3, 5], "summary": {"covered_lines": 2, "num_statements": 2, "percent_covered": 100.0, "percent_covered_display": "100", "missing_lines": 0, "excluded_lines": 0, "percent_statements_covered": 100.0, "percent_statements_covered_display": "100", "num_branches": 0, "num_partial_branches": 0, "covered_branches": 0, "missing_branches": 0, "percent_branches_covered": 100.0, "percent_branches_covered_display": "100"}, "missing_lines": [], "excluded_lines": [], "start_line": 1, "executed_branches": [], "missing_branches": []}}, "classes": {"": {"executed_lines": [3, 5], "summary": {"covered_lines": 2, "num_statements": 2, "percent_covered": 100.0, "percent_covered_display": "100", "missing_lines": 0, "excluded_lines": 0, "percent_statements_covered": 100.0, "percent_statements_covered_display": "100", "num_branches": 0, "num_partial_branches": 0, "covered_branches": 0, "missing_branches": 0, "percent_branches_covered": 100.0, "percent_branches_covered_display": "100"}, "missing_lines": [], "excluded_lines": [], "start_line": 1, "executed_branches": [], "missing_branches": []}}}, "src/resume_tailor/evidence/ledger.py": {"executed_lines": [3, 5, 6, 8, 9, 12, 13, 14, 17, 18, 19, 22, 25, 26, 27, 28, 29, 30, 31, 32, 33, 47, 48, 49, 50, 51, 55, 57, 65, 78, 81, 84], "summary": {"covered_lines": 32, "num_statements": 33, "percent_covered": 95.91836734693878, "percent_covered_display": "96", "missing_lines": 1, "excluded_lines": 0, "percent_statements_covered": 96.96969696969697, "percent_statements_covered_display": "97", "num_branches": 16, "num_partial_branches": 1, "covered_branches": 15, "missing_branches": 1, "percent_branches_covered": 93.75, "percent_branches_covered_display": "94"}, "missing_lines": [79], "excluded_lines": [], "executed_branches": [[28, 29], [28, 78], [29, 28], [29, 30], [30, 31], [30, 32], [32, 33], [32, 47], [47, 29], [47, 48], [49, 50], [49, 51], [51, 55], [51, 57], [78, 81]], "missing_branches": [[78, 79]], "functions": {"_slug": {"executed_lines": [13, 14], "summary": {"covered_lines": 2, "num_statements": 2, "percent_covered": 100.0, "percent_covered_display": "100", "missing_lines": 0, "excluded_lines": 0, "percent_statements_covered": 100.0, "percent_statements_covered_display": "100", "num_branches": 0, "num_partial_branches": 0, "covered_branches": 0, "missing_branches": 0, "percent_branches_covered": 100.0, "percent_branches_covered_display": "100"}, "missing_lines": [], "excluded_lines": [], "start_line": 12, "executed_branches": [], "missing_branches": []}, "_id": {"executed_lines": [18, 19], "summary": {"covered_lines": 2, "num_statements": 2, "percent_covered": 100.0, "percent_covered_display": "100", "missing_lines": 0, "excluded_lines": 0, "percent_statements_covered": 100.0, "percent_statements_covered_display": "100", "num_branches": 0, "num_partial_branches": 0, "covered_branches": 0, "missing_branches": 0, "percent_branches_covered": 100.0, "percent_branches_covered_display": "100"}, "missing_lines": [], "excluded_lines": [], "start_line": 17, "executed_branches": [], "missing_branches": []}, "build_evidence_ledger": {"executed_lines": [25, 26, 27, 28, 29, 30, 31, 32, 33, 47, 48, 49, 50, 51, 55, 57, 65, 78, 81, 84], "summary": {"covered_lines": 20, "num_statements": 21, "percent_covered": 94.5945945945946, "percent_covered_display": "95", "missing_lines": 1, "excluded_lines": 0, "percent_statements_covered": 95.23809523809524, "percent_statements_covered_display": "95", "num_branches": 16, "num_partial_branches": 1, "covered_branches": 15, "missing_branches": 1, "percent_branches_covered": 93.75, "percent_branches_covered_display": "94"}, "missing_lines": [79], "excluded_lines": [], "start_line": 22, "executed_branches": [[28, 29], [28, 78], [29, 28], [29, 30], [30, 31], [30, 32], [32, 33], [32, 47], [47, 29], [47, 48], [49, 50], [49, 51], [51, 55], [51, 57], [78, 81]], "missing_branches": [[78, 79]]}, "": {"executed_lines": [3, 5, 6, 8, 9, 12, 17, 22], "summary": {"covered_lines": 8, "num_statements": 8, "percent_covered": 100.0, "percent_covered_display": "100", "missing_lines": 0, "excluded_lines": 0, "percent_statements_covered": 100.0, "percent_statements_covered_display": "100", "num_branches": 0, "num_partial_branches": 0, "covered_branches": 0, "missing_branches": 0, "percent_branches_covered": 100.0, "percent_branches_covered_display": "100"}, "missing_lines": [], "excluded_lines": [], "start_line": 1, "executed_branches": [], "missing_branches": []}}, "classes": {"": {"executed_lines": [3, 5, 6, 8, 9, 12, 13, 14, 17, 18, 19, 22, 25, 26, 27, 28, 29, 30, 31, 32, 33, 47, 48, 49, 50, 51, 55, 57, 65, 78, 81, 84], "summary": {"covered_lines": 32, "num_statements": 33, "percent_covered": 95.91836734693878, "percent_covered_display": "96", "missing_lines": 1, "excluded_lines": 0, "percent_statements_covered": 96.96969696969697, "percent_statements_covered_display": "97", "num_branches": 16, "num_partial_branches": 1, "covered_branches": 15, "missing_branches": 1, "percent_branches_covered": 93.75, "percent_branches_covered_display": "94"}, "missing_lines": [79], "excluded_lines": [], "start_line": 1, "executed_branches": [[28, 29], [28, 78], [29, 28], [29, 30], [30, 31], [30, 32], [32, 33], [32, 47], [47, 29], [47, 48], [49, 50], [49, 51], [51, 55], [51, 57], [78, 81]], "missing_branches": [[78, 79]]}}}, "src/resume_tailor/evidence/normalizer.py": {"executed_lines": [3, 5, 6, 8, 9, 12, 13, 14, 15, 18, 19, 22, 23], "summary": {"covered_lines": 13, "num_statements": 13, "percent_covered": 100.0, "percent_covered_display": "100", "missing_lines": 0, "excluded_lines": 0, "percent_statements_covered": 100.0, "percent_statements_covered_display": "100", "num_branches": 0, "num_partial_branches": 0, "covered_branches": 0, "missing_branches": 0, "percent_branches_covered": 100.0, "percent_branches_covered_display": "100"}, "missing_lines": [], "excluded_lines": [], "executed_branches": [], "missing_branches": [], "functions": {"normalized_text": {"executed_lines": [13, 14, 15], "summary": {"covered_lines": 3, "num_statements": 3, "percent_covered": 100.0, "percent_covered_display": "100", "missing_lines": 0, "excluded_lines": 0, "percent_statements_covered": 100.0, "percent_statements_covered_display": "100", "num_branches": 0, "num_partial_branches": 0, "covered_branches": 0, "missing_branches": 0, "percent_branches_covered": 100.0, "percent_branches_covered_display": "100"}, "missing_lines": [], "excluded_lines": [], "start_line": 12, "executed_branches": [], "missing_branches": []}, "terms": {"executed_lines": [19], "summary": {"covered_lines": 1, "num_statements": 1, "percent_covered": 100.0, "percent_covered_display": "100", "missing_lines": 0, "excluded_lines": 0, "percent_statements_covered": 100.0, "percent_statements_covered_display": "100", "num_branches": 0, "num_partial_branches": 0, "covered_branches": 0, "missing_branches": 0, "percent_branches_covered": 100.0, "percent_branches_covered_display": "100"}, "missing_lines": [], "excluded_lines": [], "start_line": 18, "executed_branches": [], "missing_branches": []}, "numbers": {"executed_lines": [23], "summary": {"covered_lines": 1, "num_statements": 1, "percent_covered": 100.0, "percent_covered_display": "100", "missing_lines": 0, "excluded_lines": 0, "percent_statements_covered": 100.0, "percent_statements_covered_display": "100", "num_branches": 0, "num_partial_branches": 0, "covered_branches": 0, "missing_branches": 0, "percent_branches_covered": 100.0, "percent_branches_covered_display": "100"}, "missing_lines": [], "excluded_lines": [], "start_line": 22, "executed_branches": [], "missing_branches": []}, "": {"executed_lines": [3, 5, 6, 8, 9, 12, 18, 22], "summary": {"covered_lines": 8, "num_statements": 8, "percent_covered": 100.0, "percent_covered_display": "100", "missing_lines": 0, "excluded_lines": 0, "percent_statements_covered": 100.0, "percent_statements_covered_display": "100", "num_branches": 0, "num_partial_branches": 0, "covered_branches": 0, "missing_branches": 0, "percent_branches_covered": 100.0, "percent_branches_covered_display": "100"}, "missing_lines": [], "excluded_lines": [], "start_line": 1, "executed_branches": [], "missing_branches": []}}, "classes": {"": {"executed_lines": [3, 5, 6, 8, 9, 12, 13, 14, 15, 18, 19, 22, 23], "summary": {"covered_lines": 13, "num_statements": 13, "percent_covered": 100.0, "percent_covered_display": "100", "missing_lines": 0, "excluded_lines": 0, "percent_statements_covered": 100.0, "percent_statements_covered_display": "100", "num_branches": 0, "num_partial_branches": 0, "covered_branches": 0, "missing_branches": 0, "percent_branches_covered": 100.0, "percent_branches_covered_display": "100"}, "missing_lines": [], "excluded_lines": [], "start_line": 1, "executed_branches": [], "missing_branches": []}}}, "src/resume_tailor/generation.py": {"executed_lines": [3, 5, 6, 7, 8, 9, 10, 11, 13, 14, 15, 16, 17, 18, 23, 24, 25, 26, 27, 28, 29, 30, 31, 37, 38, 39, 41, 44, 45, 46, 47, 48, 49, 50, 51, 52, 53, 54, 55, 58, 59, 60, 61, 64, 67, 68, 69, 70, 71, 74, 77, 78, 79, 80, 81, 82, 85, 88, 89, 92, 96, 98, 99, 100, 101, 102, 103, 111, 119, 120, 121, 122, 129, 132, 141, 142, 143, 150, 151, 152, 161, 167, 168, 169, 170, 176, 177, 178, 179, 184, 185, 186, 187, 188, 189, 190, 191, 192, 193, 196, 197, 198, 203, 204, 205, 206, 214, 223, 224, 225, 226, 227, 228, 229, 230, 236, 237, 239, 240, 241, 242, 243, 244, 245, 246, 252, 253, 254, 255, 261, 262, 263, 267, 269, 270, 308, 309, 311, 312, 313, 314, 315, 316], "summary": {"covered_lines": 143, "num_statements": 152, "percent_covered": 91.66666666666667, "percent_covered_display": "92", "missing_lines": 9, "excluded_lines": 0, "percent_statements_covered": 94.07894736842105, "percent_statements_covered_display": "94", "num_branches": 16, "num_partial_branches": 3, "covered_branches": 11, "missing_branches": 5, "percent_branches_covered": 68.75, "percent_branches_covered_display": "69"}, "missing_lines": [93, 171, 172, 173, 199, 200, 238, 268, 310], "excluded_lines": [], "executed_branches": [[167, 168], [167, 169], [169, 170], [186, 187], [186, 190], [188, 186], [188, 189], [190, 191], [190, 192], [267, 269], [309, 311]], "missing_branches": [[169, 171], [171, 172], [171, 173], [267, 268], [309, 310]], "functions": {"_hash_text": {"executed_lines": [89], "summary": {"covered_lines": 1, "num_statements": 1, "percent_covered": 100.0, "percent_covered_display": "100", "missing_lines": 0, "excluded_lines": 0, "percent_statements_covered": 100.0, "percent_statements_covered_display": "100", "num_branches": 0, "num_partial_branches": 0, "covered_branches": 0, "missing_branches": 0, "percent_branches_covered": 100.0, "percent_branches_covered_display": "100"}, "missing_lines": [], "excluded_lines": [], "start_line": 88, "executed_branches": [], "missing_branches": []}, "_hash_file": {"executed_lines": [], "summary": {"covered_lines": 0, "num_statements": 1, "percent_covered": 0.0, "percent_covered_display": "0", "missing_lines": 1, "excluded_lines": 0, "percent_statements_covered": 0.0, "percent_statements_covered_display": "0", "num_branches": 0, "num_partial_branches": 0, "covered_branches": 0, "missing_branches": 0, "percent_branches_covered": 100.0, "percent_branches_covered_display": "100"}, "missing_lines": [93], "excluded_lines": [], "start_line": 92, "executed_branches": [], "missing_branches": []}, "ingest": {"executed_lines": [98, 99, 100, 101, 102, 103], "summary": {"covered_lines": 6, "num_statements": 6, "percent_covered": 100.0, "percent_covered_display": "100", "missing_lines": 0, "excluded_lines": 0, "percent_statements_covered": 100.0, "percent_statements_covered_display": "100", "num_branches": 0, "num_partial_branches": 0, "covered_branches": 0, "missing_branches": 0, "percent_branches_covered": 100.0, "percent_branches_covered_display": "100"}, "missing_lines": [], "excluded_lines": [], "start_line": 96, "executed_branches": [], "missing_branches": []}, "analyze_job": {"executed_lines": [119, 120, 121, 122, 129], "summary": {"covered_lines": 5, "num_statements": 5, "percent_covered": 100.0, "percent_covered_display": "100", "missing_lines": 0, "excluded_lines": 0, "percent_statements_covered": 100.0, "percent_statements_covered_display": "100", "num_branches": 0, "num_partial_branches": 0, "covered_branches": 0, "missing_branches": 0, "percent_branches_covered": 100.0, "percent_branches_covered_display": "100"}, "missing_lines": [], "excluded_lines": [], "start_line": 111, "executed_branches": [], "missing_branches": []}, "create_grounded_plan": {"executed_lines": [141, 142, 143, 150, 151,
[...]
3, 56, 57, 58, 59, 62, 63, 64, 65, 68, 69, 70, 71, 72, 73, 76], "summary": {"covered_lines": 45, "num_statements": 47, "percent_covered": 94.33962264150944, "percent_covered_display": "94", "missing_lines": 2, "excluded_lines": 0, "percent_statements_covered": 95.74468085106383, "percent_statements_covered_display": "96", "num_branches": 6, "num_partial_branches": 1, "covered_branches": 5, "missing_branches": 1, "percent_branches_covered": 83.33333333333333, "percent_branches_covered_display": "83"}, "missing_lines": [45, 77], "excluded_lines": [], "executed_branches": [[44, 46], [58, 59], [58, 72], [62, 63], [62, 65]], "missing_branches": [[44, 45]], "functions": {"_terms": {"executed_lines": [30, 31, 32, 38], "summary": {"covered_lines": 4, "num_statements": 4, "percent_covered": 100.0, "percent_covered_display": "100", "missing_lines": 0, "excluded_lines": 0, "percent_statements_covered": 100.0, "percent_statements_covered_display": "100", "num_branches": 0, "num_partial_branches": 0, "covered_branches": 0, "missing_branches": 0, "percent_branches_covered": 100.0, "percent_branches_covered_display": "100"}, "missing_lines": [], "excluded_lines": [], "start_line": 29, "executed_branches": [], "missing_branches": []}, "_similarity": {"executed_lines": [42, 43, 44, 46], "summary": {"covered_lines": 4, "num_statements": 5, "percent_covered": 71.42857142857143, "percent_covered_display": "71", "missing_lines": 1, "excluded_lines": 0, "percent_statements_covered": 80.0, "percent_statements_covered_display": "80", "num_branches": 2, "num_partial_branches": 1, "covered_branches": 1, "missing_branches": 1, "percent_branches_covered": 50.0, "percent_branches_covered_display": "50"}, "missing_lines": [45], "excluded_lines": [], "start_line": 41, "executed_branches": [[44, 46]], "missing_branches": [[44, 45]]}, "analyze_terms": {"executed_lines": [56, 57, 58, 59, 62, 63, 64, 65, 68, 69, 70, 71, 72, 73], "summary": {"covered_lines": 14, "num_statements": 14, "percent_covered": 100.0, "percent_covered_display": "100", "missing_lines": 0, "excluded_lines": 0, "percent_statements_covered": 100.0, "percent_statements_covered_display": "100", "num_branches": 4, "num_partial_branches": 0, "covered_branches": 4, "missing_branches": 0, "percent_branches_covered": 100.0, "percent_branches_covered_display": "100"}, "missing_lines": [], "excluded_lines": [], "start_line": 53, "executed_branches": [[58, 59], [58, 72], [62, 63], [62, 65]], "missing_branches": []}, "measurable_requirements": {"executed_lines": [], "summary": {"covered_lines": 0, "num_statements": 1, "percent_covered": 0.0, "percent_covered_display": "0", "missing_lines": 1, "excluded_lines": 0, "percent_statements_covered": 0.0, "percent_statements_covered_display": "0", "num_branches": 0, "num_partial_branches": 0, "covered_branches": 0, "missing_branches": 0, "percent_branches_covered": 100.0, "percent_branches_covered_display": "100"}, "missing_lines": [77], "excluded_lines": [], "start_line": 76, "executed_branches": [], "missing_branches": []}, "": {"executed_lines": [3, 5, 6, 7, 9, 10, 11, 13, 14, 15, 16, 17, 20, 21, 22, 23, 24, 25, 26, 29, 41, 53, 76], "summary": {"covered_lines": 23, "num_statements": 23, "percent_covered": 100.0, "percent_covered_display": "100", "missing_lines": 0, "excluded_lines": 0, "percent_statements_covered": 100.0, "percent_statements_covered_display": "100", "num_branches": 0, "num_partial_branches": 0, "covered_branches": 0, "missing_branches": 0, "percent_branches_covered": 100.0, "percent_branches_covered_display": "100"}, "missing_lines": [], "excluded_lines": [], "start_line": 1, "executed_branches": [], "missing_branches": []}}, "classes": {"TermMatch": {"executed_lines": [], "summary": {"covered_lines": 0, "num_statements": 0, "percent_covered": 100.0, "percent_covered_display": "100", "missing_lines": 0, "excluded_lines": 0, "percent_statements_covered": 100.0, "percent_statements_covered_display": "100", "num_branches": 0, "num_partial_branches": 0, "covered_branches": 0, "missing_branches": 0, "percent_branches_covered": 100.0, "percent_branches_covered_display": "100"}, "missing_lines": [], "excluded_lines": [], "start_line": 21, "executed_branches": [], "missing_branches": []}, "": {"executed_lines": [3, 5, 6, 7, 9, 10, 11, 13, 14, 15, 16, 17, 20, 21, 22, 23, 24, 25, 26, 29, 30, 31, 32, 38, 41, 42, 43, 44, 46, 53, 56, 57, 58, 59, 62, 63, 64, 65, 68, 69, 70, 71, 72, 73, 76], "summary": {"covered_lines": 45, "num_statements": 47, "percent_covered": 94.33962264150944, "percent_covered_display": "94", "missing_lines": 2, "excluded_lines": 0, "percent_statements_covered": 95.74468085106383, "percent_statements_covered_display": "96", "num_branches": 6, "num_partial_branches": 1, "covered_branches": 5, "missing_branches": 1, "percent_branches_covered": 83.33333333333333, "percent_branches_covered_display": "83"}, "missing_lines": [45, 77], "excluded_lines": [], "start_line": 1, "executed_branches": [[44, 46], [58, 59], [58, 72], [62, 63], [62, 65]], "missing_branches": [[44, 45]]}}}, "src/resume_tailor/validation/__init__.py": {"executed_lines": [3, 4, 6], "summary": {"covered_lines": 3, "num_statements": 3, "percent_covered": 100.0, "percent_covered_display": "100", "missing_lines": 0, "excluded_lines": 0, "percent_statements_covered": 100.0, "percent_statements_covered_display": "100", "num_branches": 0, "num_partial_branches": 0, "covered_branches": 0, "missing_branches": 0, "percent_branches_covered": 100.0, "percent_branches_covered_display": "100"}, "missing_lines": [], "excluded_lines": [], "executed_branches": [], "missing_branches": [], "functions": {"": {"executed_lines": [3, 4, 6], "summary": {"covered_lines": 3, "num_statements": 3, "percent_covered": 100.0, "percent_covered_display": "100", "missing_lines": 0, "excluded_lines": 0, "percent_statements_covered": 100.0, "percent_statements_covered_display": "100", "num_branches": 0, "num_partial_branches": 0, "covered_branches": 0, "missing_branches": 0, "percent_branches_covered": 100.0, "percent_branches_covered_display": "100"}, "missing_lines": [], "excluded_lines": [], "start_line": 1, "executed_branches": [], "missing_branches": []}}, "classes": {"": {"executed_lines": [3, 4, 6], "summary": {"covered_lines": 3, "num_statements": 3, "percent_covered": 100.0, "percent_covered_display": "100", "missing_lines": 0, "excluded_lines": 0, "percent_statements_covered": 100.0, "percent_statements_covered_display": "100", "num_branches": 0, "num_partial_branches": 0, "covered_branches": 0, "missing_branches": 0, "percent_branches_covered": 100.0, "percent_branches_covered_display": "100"}, "missing_lines": [], "excluded_lines": [], "start_line": 1, "executed_branches": [], "missing_branches": []}}}, "src/resume_tailor/validation/ats.py": {"executed_lines": [3, 5, 7, 8, 9, 11, 12, 15, 16, 32, 33, 34, 35, 36, 44, 45, 46, 47, 48, 51, 52, 53, 60, 61, 62, 69, 70, 77, 78, 86], "summary": {"covered_lines": 30, "num_statements": 32, "percent_covered": 86.36363636363636, "percent_covered_display": "86", "missing_lines": 2, "excluded_lines": 0, "percent_statements_covered": 93.75, "percent_statements_covered_display": "94", "num_branches": 12, "num_partial_branches": 4, "covered_branches": 8, "missing_branches": 4, "percent_branches_covered": 66.66666666666667, "percent_branches_covered_display": "67"}, "missing_lines": [37, 49], "excluded_lines": [], "executed_branches": [[36, 44], [46, 47], [46, 52], [48, 51], [52, 53], [61, 62], [61, 69], [69, 70]], "missing_branches": [[36, 37], [48, 49], [52, 60], [69, 77]], "functions": {"_plan_text": {"executed_lines": [16], "summary": {"covered_lines": 1, "num_statements": 1, "percent_covered": 100.0, "percent_covered_display": "100", "missing_lines": 0, "excluded_lines": 0, "percent_statements_covered": 100.0, "percent_statements_covered_display": "100", "num_branches": 0, "num_partial_branches": 0, "covered_branches": 0, "missing_branches": 0, "percent_branches_covered": 100.0, "percent_branches_covered_display": "100"}, "missing_lines": [], "excluded_lines": [], "start_line": 15, "executed_branches": [], "missing_branches": []}, "validate_ats": {"executed_lines": [33, 34, 35, 36, 44, 45, 46, 47, 48, 51, 52, 53, 60, 61, 62, 69, 70, 77, 78, 86], "summary": {"covered_lines": 20, "num_statements": 22, "percent_covered": 82.3529411764706, "percent_covered_display": "82", "missing_lines": 2, "excluded_lines": 0, "percent_statements_covered": 90.9090909090909, "percent_statements_covered_display": "91", "num_branches": 12, "num_partial_branches": 4, "covered_branches": 8, "missing_branches": 4, "percent_branches_covered": 66.66666666666667, "percent_branches_covered_display": "67"}, "missing_lines": [37, 49], "excluded_lines": [], "start_line": 32, "executed_branches": [[36, 44], [46, 47], [46, 52], [48, 51], [52, 53], [61, 62], [61, 69], [69, 70]], "missing_branches": [[36, 37], [48, 49], [52, 60], [69, 77]]}, "": {"executed_lines": [3, 5, 7, 8, 9, 11, 12, 15, 32], "summary": {"covered_lines": 9, "num_statements": 9, "percent_covered": 100.0, "percent_covered_display": "100", "missing_lines": 0, "excluded_lines": 0, "percent_statements_covered": 100.0, "percent_statements_covered_display": "100", "num_branches": 0, "num_partial_branches": 0, "covered_branches": 0, "missing_branches": 0, "percent_branches_covered": 100.0, "percent_branches_covered_display": "100"}, "missing_lines": [], "excluded_lines": [], "start_line": 1, "executed_branches": [], "missing_branches": []}}, "classes": {"": {"executed_lines": [3, 5, 7, 8, 9, 11, 12, 15, 16, 32, 33, 34, 35, 36, 44, 45, 46, 47, 48, 51, 52, 53, 60, 61, 62, 69, 70, 77, 78, 86], "summary": {"covered_lines": 30, "num_statements": 32, "percent_covered": 86.36363636363636, "percent_covered_display": "86", "missing_lines": 2, "excluded_lines": 0, "percent_statements_covered": 93.75, "percent_statements_covered_display": "94", "num_branches": 12, "num_partial_branches": 4, "covered_branches": 8, "missing_branches": 4, "percent_branches_covered": 66.66666666666667, "percent_branches_covered_display": "67"}, "missing_lines": [37, 49], "excluded_lines": [], "start_line": 1, "executed_branches": [[36, 44], [46, 47], [46, 52], [48, 51], [52, 53], [61, 62], [61, 69], [69, 70]], "missing_branches": [[36, 37], [48, 49], [52, 60], [69, 77]]}}}, "src/resume_tailor/validation/fitting.py": {"executed_lines": [3, 5, 8, 11, 12], "summary": {"covered_lines": 5, "num_statements": 17, "percent_covered": 24.0, "percent_covered_display": "24", "missing_lines": 12, "excluded_lines": 0, "percent_statements_covered": 29.41176470588235, "percent_statements_covered_display": "29", "num_branches": 8, "num_partial_branches": 1, "covered_branches": 1, "missing_branches": 7, "percent_branches_covered": 12.5, "percent_branches_covered_display": "12"}, "missing_lines": [13, 14, 15, 16, 17, 18, 19, 20, 21, 22, 23, 24], "excluded_lines": [], "executed_branches": [[11, 12]], "missing_branches": [[11, 13], [15, 16], [15, 24], [17, 18], [17, 23], [19, 20], [19, 22]], "functions": {"reduce_for_page_fit": {"executed_lines": [11, 12], "summary": {"covered_lines": 2, "num_statements": 14, "percent_covered": 13.636363636363637, "percent_covered_display": "14", "missing_lines": 12, "excluded_lines": 0, "percent_statements_covered": 14.285714285714286, "percent_statements_covered_display": "14", "num_branches": 8, "num_partial_branches": 1, "covered_branches": 1, "missing_branches": 7, "percent_branches_covered": 12.5, "percent_branches_covered_display": "12"}, "missing_lines": [13, 14, 15, 16, 17, 18, 19, 20, 21, 22, 23, 24], "excluded_lines": [], "start_line": 8, "executed_branches": [[11, 12]], "missing_branches": [[11, 13], [15, 16], [15, 24], [17, 18], [17, 23], [19, 20], [19, 22]]}, "": {"executed_lines": [3, 5, 8], "summary": {"covered_lines": 3, "num_statements": 3, "percent_covered": 100.0, "percent_covered_display": "100", "missing_lines": 0, "excluded_lines": 0, "percent_statements_covered": 100.0, "percent_statements_covered_display": "100", "num_branches": 0, "num_partial_branches": 0, "covered_branches": 0, "missing_branches": 0, "percent_branches_covered": 100.0, "percent_branches_covered_display": "100"}, "missing_lines": [], "excluded_lines": [], "start_line": 1, "executed_branches": [], "missing_branches": []}}, "classes": {"": {"executed_lines": [3, 5, 8, 11, 12], "summary": {"covered_lines": 5, "num_statements": 17, "percent_covered": 24.0, "percent_covered_display": "24", "missing_lines": 12, "excluded_lines": 0, "percent_statements_covered": 29.41176470588235, "percent_statements_covered_display": "29", "num_branches": 8, "num_partial_branches": 1, "covered_branches": 1, "missing_branches": 7, "percent_branches_covered": 12.5, "percent_branches_covered_display": "12"}, "missing_lines": [13, 14, 15, 16, 17, 18, 19, 20, 21, 22, 23, 24], "excluded_lines": [], "start_line": 1, "executed_branches": [[11, 12]], "missing_branches": [[11, 13], [15, 16], [15, 24], [17, 18], [17, 23], [19, 20], [19, 22]]}}}, "src/resume_tailor/validation/pdf.py": {"executed_lines": [3, 5, 7, 9, 11, 14, 15, 16, 17, 23, 24, 32, 33, 34, 35, 36, 37], "summary": {"covered_lines": 17, "num_statements": 40, "percent_covered": 32.758620689655174, "percent_covered_display": "33", "missing_lines": 23, "excluded_lines": 0, "percent_statements_covered": 42.5, "percent_statements_covered_display": "42", "num_branches": 18, "num_partial_branches": 0, "covered_branches": 2, "missing_branches": 16, "percent_branches_covered": 11.11111111111111, "percent_branches_covered_display": "11"}, "missing_lines": [18, 19, 45, 46, 47, 52, 53, 60, 61, 64, 65, 66, 67, 74, 75, 82, 83, 84, 85, 86, 87, 88, 95], "excluded_lines": [], "executed_branches": [[23, 24], [23, 32]], "missing_branches": [[46, 47], [46, 52], [52, 53], [52, 60], [60, 61], [60, 64], [66, 67], [66, 74], [74, 75], [74, 82], [82, 83], [82, 95], [83, 82], [83, 84], [87, 83], [87, 88]], "functions": {"validate_pdf": {"executed_lines": [15, 16, 17, 23, 24, 32, 33, 34, 35, 36, 37], "summary": {"covered_lines": 11, "num_statements": 34, "percent_covered": 25.0, "percent_covered_display": "25", "missing_lines": 23, "excluded_lines": 0, "percent_statements_covered": 32.35294117647059, "percent_statements_covered_display": "32", "num_branches": 18, "num_partial_branches": 0, "covered_branches": 2, "missing_branches": 16, "percent_branches_covered": 11.11111111111111, "percent_branches_covered_display": "11"}, "missing_lines": [18, 19, 45, 46, 47, 52, 53, 60, 61, 64, 65, 66, 67, 74, 75, 82, 83, 84, 85, 86, 87, 88, 95], "excluded_lines": [], "start_line": 14, "executed_branches": [[23, 24], [23, 32]], "missing_branches": [[46, 47], [46, 52], [52, 53], [52, 60], [60, 61], [60, 64], [66, 67], [66, 74], [74, 75], [74, 82], [82, 83], [82, 95], [83, 82], [83, 84], [87, 83], [87, 88]]}, "": {"executed_lines": [3, 5, 7, 9, 11, 14], "summary": {"covered_lines": 6, "num_statements": 6, "percent_covered": 100.0, "percent_covered_display": "100", "missing_lines": 0, "excluded_lines": 0, "percent_statements_covered": 100.0, "percent_statements_covered_display": "100", "num_branches": 0, "num_partial_branches": 0, "covered_branches": 0, "missing_branches": 0, "percent_branches_covered": 100.0, "percent_branches_covered_display": "100"}, "missing_lines": [], "excluded_lines": [], "start_line": 1, "executed_branches": [], "missing_branches": []}}, "classes": {"": {"executed_lines": [3, 5, 7, 9, 11, 14, 15, 16, 17, 23, 24, 32, 33, 34, 35, 36, 37], "summary": {"covered_lines": 17, "num_statements": 40, "percent_covered": 32.758620689655174, "percent_covered_display": "33", "missing_lines": 23, "excluded_lines": 0, "percent_statements_covered": 42.5, "percent_statements_covered_display": "42", "num_branches": 18, "num_partial_branches": 0, "covered_branches": 2, "missing_branches": 16, "percent_branches_covered": 11.11111111111111, "percent_branches_covered_display": "11"}, "missing_lines": [18, 19, 45, 46, 47, 52, 53, 60, 61, 64, 65, 66, 67, 74, 75, 82, 83, 84, 85, 86, 87, 88, 95], "excluded_lines": [], "start_line": 1, "executed_branches": [[23, 24], [23, 32]], "missing_branches": [[46, 47], [46, 52], [52, 53], [52, 60], [60, 61], [60, 64], [66, 67], [66, 74], [74, 75], [74, 82], [82, 83], [82, 95], [83, 82], [83, 84], [87, 83], [87, 88]]}}}, "src/resume_tailor/validation/report.py": {"executed_lines": [3, 5, 6, 9, 10, 11, 12, 13, 27, 34, 35, 36, 37, 38, 39, 43, 44, 45, 46, 47, 52, 53], "summary": {"covered_lines": 22, "num_statements": 22, "percent_covered": 100.0, "percent_covered_display": "100", "missing_lines": 0, "excluded_lines": 0, "percent_statements_covered": 100.0, "percent_statements_covered_display": "100", "num_branches": 6, "num_partial_branches": 0, "covered_branches": 6, "missing_branches": 0, "percent_branches_covered": 100.0, "percent_branches_covered_display": "100"}, "missing_lines": [], "excluded_lines": [], "executed_branches": [[12, 13], [12, 27], [38, 39], [38, 43], [46, 47], [46, 53]], "missing_branches": [], "functions": {"report_json": {"executed_lines": [10, 11, 12, 13, 27], "summary": {"covered_lines": 5, "num_statements": 5, "percent_covered": 100.0, "percent_covered_display": "100", "missing_lines": 0, "excluded_lines": 0, "percent_statements_covered": 100.0, "percent_statements_covered_display": "100", "num_branches": 2, "num_partial_branches": 0, "covered_branches": 2, "missing_branches": 0, "percent_branches_covered": 100.0, "percent_branches_covered_display": "100"}, "missing_lines": [], "excluded_lines": [], "start_line": 9, "executed_branches": [[12, 13], [12, 27]], "missing_branches": []}, "report_markdown": {"executed_lines": [35, 36, 37, 38, 39, 43, 44, 45, 46, 47, 52, 53], "summary": {"covered_lines": 12, "num_statements": 12, "percent_covered": 100.0, "percent_covered_display": "100", "missing_lines": 0, "excluded_lines": 0, "percent_statements_covered": 100.0, "percent_statements_covered_display": "100", "num_branches": 4, "num_partial_branches": 0, "covered_branches": 4, "missing_branches": 0, "percent_branches_covered": 100.0, "percent_branches_covered_display": "100"}, "missing_lines": [], "excluded_lines": [], "start_line": 34, "executed_branches": [[38, 39], [38, 43], [46, 47], [46, 53]], "missing_branches": []}, "": {"executed_lines": [3, 5, 6, 9, 34], "summary": {"covered_lines": 5, "num_statements": 5, "percent_covered": 100.0, "percent_covered_display": "100", "missing_lines": 0, "excluded_lines": 0, "percent_statements_covered": 100.0, "percent_statements_covered_display": "100", "num_branches": 0, "num_partial_branches": 0, "covered_branches": 0, "missing_branches": 0, "percent_branches_covered": 100.0, "percent_branches_covered_display": "100"}, "missing_lines": [], "excluded_lines": [], "start_line": 1, "executed_branches": [], "missing_branches": []}}, "classes": {"": {"executed_lines": [3, 5, 6, 9, 10, 11, 12, 13, 27, 34, 35, 36, 37, 38, 39, 43, 44, 45, 46, 47, 52, 53], "summary": {"covered_lines": 22, "num_statements": 22, "percent_covered": 100.0, "percent_covered_display": "100", "missing_lines": 0, "excluded_lines": 0, "percent_statements_covered": 100.0, "percent_statements_covered_display": "100", "num_branches": 6, "num_partial_branches": 0, "covered_branches": 6, "missing_branches": 0, "percent_branches_covered": 100.0, "percent_branches_covered_display": "100"}, "missing_lines": [], "excluded_lines": [], "start_line": 1, "executed_branches": [[12, 13], [12, 27], [38, 39], [38, 43], [46, 47], [46, 53]], "missing_branches": []}}}}, "totals": {"covered_lines": 1945, "num_statements": 2405, "percent_covered": 76.4763458401305, "percent_covered_display": "76", "missing_lines": 460, "excluded_lines": 10, "percent_statements_covered": 80.87318087318087, "percent_statements_covered_display": "81", "num_branches": 660, "num_partial_branches": 145, "covered_branches": 399, "missing_branches": 261, "percent_branches_covered": 60.45454545454545, "percent_branches_covered_display": "60"}}